INFO  Using log config file: jar:file:/home/vr2050/RUST/rscan_codex/third_party/ghidra_core_headless_x86_min/Ghidra/Framework/Generic/lib/Generic.jar!/generic.log4j.xml (LoggingInitialization)  
INFO  Using log file: /home/vr2050/.config/ghidra/ghidra_12.1_DEV/application.log (LoggingInitialization)  
INFO  Loading user preferences: /home/vr2050/.config/ghidra/ghidra_12.1_DEV/preferences (Preferences)  
INFO  Loading previous preferences: /home/vr2050/.config/ghidra/ghidra_12.0.2_DEV/preferences (Preferences)  
INFO  Searching for classes... (ClassSearcher)  
INFO  Class search complete (337 ms) (ClassSearcher)  
INFO  Initializing SSL Context (DefaultSSLContextInitializer)  
INFO  Initializing Random Number Generator... (SecureRandomFactory)  
INFO  Random Number Generator initialization complete: NativePRNGNonBlocking (SecureRandomFactory)  
INFO  Trust manager disabled, cacerts have not been set (DefaultTrustManagerFactory)  
INFO  Starting cache cleanup: /home/vr2050/.cache/ghidra/fscache2 (FileCacheMaintenanceDaemon)  
INFO  Finished cache cleanup, estimated storage used: 0 (FileCacheMaintenanceDaemon)  
INFO  Headless startup complete (1253 ms) (AnalyzeHeadless)  
INFO  Class searcher loaded 9 extension points (4 false positives) (ClassSearcher)  
INFO  HEADLESS Script Paths:
    /home/vr2050/RUST/rscan_codex/projects/pwm1/reverse_out/job-189f10a2716d310f
    /home/vr2050/RUST/rscan_codex/third_party/ghidra_core_headless_x86_min/Ghidra/Features/GnuDemangler/ghidra_scripts
    /home/vr2050/RUST/rscan_codex/third_party/ghidra_core_headless_x86_min/Ghidra/Features/Decompiler/ghidra_scripts
    /home/vr2050/RUST/rscan_codex/third_party/ghidra_core_headless_x86_min/Ghidra/Features/Base/ghidra_scripts
    /home/vr2050/RUST/rscan_codex/third_party/ghidra_core_headless_x86_min/Ghidra/Features/BytePatterns/ghidra_scripts (HeadlessAnalyzer)  
INFO  HEADLESS: execution starts (HeadlessAnalyzer)  
INFO  Creating project: /home/vr2050/RUST/rscan_codex/projects/pwm1/reverse_out/ghidra_cache/rscan_9248bde5597f3b2cc186c64e9bfca78403198c3d9e54f5e038b302373c64b61c (HeadlessAnalyzer)  
WARN  Tool supported content class not found: ghidra.feature.vt.api.main.VTSession (GhidraToolTemplate)  
INFO  Creating project: /home/vr2050/RUST/rscan_codex/projects/pwm1/reverse_out/ghidra_cache/rscan_9248bde5597f3b2cc186c64e9bfca78403198c3d9e54f5e038b302373c64b61c (DefaultProject)  
INFO  REPORT: Processing input files:  (HeadlessAnalyzer)  
INFO       project: /home/vr2050/RUST/rscan_codex/projects/pwm1/reverse_out/ghidra_cache/rscan_9248bde5597f3b2cc186c64e9bfca78403198c3d9e54f5e038b302373c64b61c (HeadlessAnalyzer)  
INFO  IMPORTING: file:///pwm1 (HeadlessAnalyzer)  
INFO  No load spec found for import file: pwm1 (ProgramLoader)  
ERROR The ProgramLoader could not successfully load file:///pwm1 with the provided import parameters. Please ensure that any specified processor/cspec arguments are compatible with the loader that is used during import and try again. (HeadlessAnalyzer)  
ERROR REPORT: Import failed for file: file:///pwm1 (HeadlessAnalyzer)  
