INFO  Using log config file: jar:file:/home/vr2050/RUST/rscan_codex/third_party/ghidra_core_headless_x86_min/Ghidra/Framework/Generic/lib/Generic.jar!/generic.log4j.xml (LoggingInitialization)  
INFO  Using log file: /home/vr2050/.config/ghidra/ghidra_12.1_DEV/application.log (LoggingInitialization)  
INFO  Loading user preferences: /home/vr2050/.config/ghidra/ghidra_12.1_DEV/preferences (Preferences)  
INFO  Loading previous preferences: /home/vr2050/.config/ghidra/ghidra_12.0.2_DEV/preferences (Preferences)  
INFO  Searching for classes... (ClassSearcher)  
INFO  Class search complete (601 ms) (ClassSearcher)  
INFO  Initializing SSL Context (DefaultSSLContextInitializer)  
INFO  Initializing Random Number Generator... (SecureRandomFactory)  
INFO  Random Number Generator initialization complete: NativePRNGNonBlocking (SecureRandomFactory)  
INFO  Trust manager disabled, cacerts have not been set (DefaultTrustManagerFactory)  
INFO  Headless startup complete (1523 ms) (AnalyzeHeadless)  
INFO  Class searcher loaded 9 extension points (4 false positives) (ClassSearcher)  
INFO  HEADLESS Script Paths:
    /home/vr2050/RUST/rscan_codex/projects/ls/reverse_out/job-189edc8d11013c77
    /home/vr2050/RUST/rscan_codex/third_party/ghidra_core_headless_x86_min/Ghidra/Features/GnuDemangler/ghidra_scripts
    /home/vr2050/RUST/rscan_codex/third_party/ghidra_core_headless_x86_min/Ghidra/Features/Decompiler/ghidra_scripts
    /home/vr2050/RUST/rscan_codex/third_party/ghidra_core_headless_x86_min/Ghidra/Features/Base/ghidra_scripts
    /home/vr2050/RUST/rscan_codex/third_party/ghidra_core_headless_x86_min/Ghidra/Features/BytePatterns/ghidra_scripts (HeadlessAnalyzer)  
INFO  HEADLESS: execution starts (HeadlessAnalyzer)  
INFO  Opening existing project: /home/vr2050/RUST/rscan_codex/projects/ls/reverse_out/ghidra_cache/rscan_4d861f4e9ef4f22c4ba5bb6b4aedef7e013b54016a3da006dd0ae5df5cdcaad0 (HeadlessAnalyzer)  
WARN  Tool supported content class not found: ghidra.feature.vt.api.main.VTSession (GhidraToolTemplate)  
INFO  Opening project: /home/vr2050/RUST/rscan_codex/projects/ls/reverse_out/ghidra_cache/rscan_4d861f4e9ef4f22c4ba5bb6b4aedef7e013b54016a3da006dd0ae5df5cdcaad0 (HeadlessProject)  
INFO  REPORT: Processing project file: /ls (HeadlessAnalyzer)  
INFO  ANALYZING all memory and code: /ls (HeadlessAnalyzer)  
INFO  DWARF external debug information found: ExternalDebugInfo [filename=0bc6c817a91e4446dd99363b49ad5a491718e4.debug, crc=41837053, hash=070bc6c817a91e4446dd99363b49ad5a491718e4, objectType=DEBUGINFO, extra=null] (ExternalDebugFileSectionProvider)  
INFO  Unable to find DWARF information, skipping DWARF analysis (DWARFAnalyzer)  
INFO  Packed database cache: /home/vr2050/.cache/ghidra/packed-db-cache (PackedDatabaseCache)  
INFO  Applied data type archive: generic_clib_64 (ApplyDataArchiveAnalyzer)  
INFO  Resolving External Symbols of [/ls] - 114 unresolved symbols, no external libraries configured - skipping (ExternalSymbolResolverAnalyzer)  
INFO  -----------------------------------------------------
    ASCII Strings                              0.359 secs
    Apply Data Archives                        0.167 secs
    Call Convention ID                         0.007 secs
    Call-Fixup Installer                       0.007 secs
    Create Address Tables                      0.048 secs
    Create Address Tables - One Time           0.008 secs
    Create Function                            0.000 secs
    DWARF                                      0.015 secs
    Data Reference                             0.052 secs
    Decompiler Switch Analysis                 0.607 secs
    Demangler GNU                              0.067 secs
    Disassemble Entry Points                   0.029 secs
    ELF Scalar Operand References              0.226 secs
    Embedded Media                             0.009 secs
    External Entry References                  0.000 secs
    External Symbol Resolver                   0.004 secs
    Function Start Pre Search                  0.021 secs
    Function Start Search                      0.052 secs
    Function Start Search After Code           0.014 secs
    Function Start Search After Data           0.014 secs
    GCC Exception Handlers                     0.374 secs
    Non-Returning Functions - Discovered       0.165 secs
    Non-Returning Functions - Known            0.032 secs
    Reference                                  0.094 secs
    Shared Return Calls                        0.089 secs
    Stack                                      0.236 secs
    Subroutine References                      0.056 secs
    x86 Constant Reference Analyzer            1.310 secs
-----------------------------------------------------
     Total Time   4 secs
-----------------------------------------------------
 (AutoAnalysisManager)  
INFO  REPORT: Analysis succeeded for file: /ls (HeadlessAnalyzer)  
INFO  REPORT: Execute script: /home/vr2050/RUST/rscan_codex/projects/ls/reverse_out/job-189edc8d11013c77/ghidra_export_pseudocode.java '/home/vr2050/RUST/rscan_codex/projects/ls/reverse_out/job-189edc8d11013c77/pseudocode.jsonl'  (HeadlessAnalyzer)  
INFO  SCRIPT: /home/vr2050/RUST/rscan_codex/projects/ls/reverse_out/job-189edc8d11013c77/ghidra_export_pseudocode.java (HeadlessAnalyzer)  
WARN  Decompiling 00128000, pcode error at 00128000: Unable to disassemble EXTERNAL block location: 00128000 (DecompileCallback)  
WARN  Decompiling 00128008, pcode error at 00128008: Unable to disassemble EXTERNAL block location: 00128008 (DecompileCallback)  
WARN  Decompiling 00128010, pcode error at 00128010: Unable to disassemble EXTERNAL block location: 00128010 (DecompileCallback)  
WARN  Decompiling 00128018, pcode error at 00128018: Unable to disassemble EXTERNAL block location: 00128018 (DecompileCallback)  
WARN  Decompiling 00128020, pcode error at 00128020: Unable to disassemble EXTERNAL block location: 00128020 (DecompileCallback)  
WARN  Decompiling 00128028, pcode error at 00128028: Unable to disassemble EXTERNAL block location: 00128028 (DecompileCallback)  
WARN  Decompiling 00128030, pcode error at 00128030: Unable to disassemble EXTERNAL block location: 00128030 (DecompileCallback)  
WARN  Decompiling 00128038, pcode error at 00128038: Unable to disassemble EXTERNAL block location: 00128038 (DecompileCallback)  
WARN  Decompiling 00128040, pcode error at 00128040: Unable to disassemble EXTERNAL block location: 00128040 (DecompileCallback)  
WARN  Decompiling 00128048, pcode error at 00128048: Unable to disassemble EXTERNAL block location: 00128048 (DecompileCallback)  
WARN  Decompiling 00128050, pcode error at 00128050: Unable to disassemble EXTERNAL block location: 00128050 (DecompileCallback)  
WARN  Decompiling 00128058, pcode error at 00128058: Unable to disassemble EXTERNAL block location: 00128058 (DecompileCallback)  
WARN  Decompiling 00128060, pcode error at 00128060: Unable to disassemble EXTERNAL block location: 00128060 (DecompileCallback)  
WARN  Decompiling 00128068, pcode error at 00128068: Unable to disassemble EXTERNAL block location: 00128068 (DecompileCallback)  
WARN  Decompiling 00128070, pcode error at 00128070: Unable to disassemble EXTERNAL block location: 00128070 (DecompileCallback)  
WARN  Decompiling 00128078, pcode error at 00128078: Unable to disassemble EXTERNAL block location: 00128078 (DecompileCallback)  
WARN  Decompiling 00128080, pcode error at 00128080: Unable to disassemble EXTERNAL block location: 00128080 (DecompileCallback)  
WARN  Decompiling 00128088, pcode error at 00128088: Unable to disassemble EXTERNAL block location: 00128088 (DecompileCallback)  
WARN  Decompiling 00128090, pcode error at 00128090: Unable to disassemble EXTERNAL block location: 00128090 (DecompileCallback)  
WARN  Decompiling 00128098, pcode error at 00128098: Unable to disassemble EXTERNAL block location: 00128098 (DecompileCallback)  
WARN  Decompiling 001280a0, pcode error at 001280a0: Unable to disassemble EXTERNAL block location: 001280a0 (DecompileCallback)  
WARN  Decompiling 001280a8, pcode error at 001280a8: Unable to disassemble EXTERNAL block location: 001280a8 (DecompileCallback)  
WARN  Decompiling 001280b0, pcode error at 001280b0: Unable to disassemble EXTERNAL block location: 001280b0 (DecompileCallback)  
WARN  Decompiling 001280b8, pcode error at 001280b8: Unable to disassemble EXTERNAL block location: 001280b8 (DecompileCallback)  
WARN  Decompiling 001280c0, pcode error at 001280c0: Unable to disassemble EXTERNAL block location: 001280c0 (DecompileCallback)  
WARN  Decompiling 001280c8, pcode error at 001280c8: Unable to disassemble EXTERNAL block location: 001280c8 (DecompileCallback)  
WARN  Decompiling 001280d0, pcode error at 001280d0: Unable to disassemble EXTERNAL block location: 001280d0 (DecompileCallback)  
WARN  Decompiling 001280d8, pcode error at 001280d8: Unable to disassemble EXTERNAL block location: 001280d8 (DecompileCallback)  
WARN  Decompiling 001280e0, pcode error at 001280e0: Unable to disassemble EXTERNAL block location: 001280e0 (DecompileCallback)  
WARN  Decompiling 001280e8, pcode error at 001280e8: Unable to disassemble EXTERNAL block location: 001280e8 (DecompileCallback)  
WARN  Decompiling 001280f0, pcode error at 001280f0: Unable to disassemble EXTERNAL block location: 001280f0 (DecompileCallback)  
WARN  Decompiling 001280f8, pcode error at 001280f8: Unable to disassemble EXTERNAL block location: 001280f8 (DecompileCallback)  
WARN  Decompiling 00128100, pcode error at 00128100: Unable to disassemble EXTERNAL block location: 00128100 (DecompileCallback)  
WARN  Decompiling 00128108, pcode error at 00128108: Unable to disassemble EXTERNAL block location: 00128108 (DecompileCallback)  
WARN  Decompiling 00128110, pcode error at 00128110: Unable to disassemble EXTERNAL block location: 00128110 (DecompileCallback)  
WARN  Decompiling 00128118, pcode error at 00128118: Unable to disassemble EXTERNAL block location: 00128118 (DecompileCallback)  
WARN  Decompiling 00128120, pcode error at 00128120: Unable to disassemble EXTERNAL block location: 00128120 (DecompileCallback)  
WARN  Decompiling 00128128, pcode error at 00128128: Unable to disassemble EXTERNAL block location: 00128128 (DecompileCallback)  
WARN  Decompiling 00128130, pcode error at 00128130: Unable to disassemble EXTERNAL block location: 00128130 (DecompileCallback)  
WARN  Decompiling 00128138, pcode error at 00128138: Unable to disassemble EXTERNAL block location: 00128138 (DecompileCallback)  
WARN  Decompiling 00128140, pcode error at 00128140: Unable to disassemble EXTERNAL block location: 00128140 (DecompileCallback)  
WARN  Decompiling 00128148, pcode error at 00128148: Unable to disassemble EXTERNAL block location: 00128148 (DecompileCallback)  
WARN  Decompiling 00128150, pcode error at 00128150: Unable to disassemble EXTERNAL block location: 00128150 (DecompileCallback)  
WARN  Decompiling 00128158, pcode error at 00128158: Unable to disassemble EXTERNAL block location: 00128158 (DecompileCallback)  
WARN  Decompiling 00128160, pcode error at 00128160: Unable to disassemble EXTERNAL block location: 00128160 (DecompileCallback)  
WARN  Decompiling 00128168, pcode error at 00128168: Unable to disassemble EXTERNAL block location: 00128168 (DecompileCallback)  
WARN  Decompiling 00128170, pcode error at 00128170: Unable to disassemble EXTERNAL block location: 00128170 (DecompileCallback)  
WARN  Decompiling 00128178, pcode error at 00128178: Unable to disassemble EXTERNAL block location: 00128178 (DecompileCallback)  
WARN  Decompiling 00128180, pcode error at 00128180: Unable to disassemble EXTERNAL block location: 00128180 (DecompileCallback)  
WARN  Decompiling 00128188, pcode error at 00128188: Unable to disassemble EXTERNAL block location: 00128188 (DecompileCallback)  
WARN  Decompiling 00128190, pcode error at 00128190: Unable to disassemble EXTERNAL block location: 00128190 (DecompileCallback)  
WARN  Decompiling 00128198, pcode error at 00128198: Unable to disassemble EXTERNAL block location: 00128198 (DecompileCallback)  
WARN  Decompiling 001281a0, pcode error at 001281a0: Unable to disassemble EXTERNAL block location: 001281a0 (DecompileCallback)  
WARN  Decompiling 001281a8, pcode error at 001281a8: Unable to disassemble EXTERNAL block location: 001281a8 (DecompileCallback)  
WARN  Decompiling 001281b0, pcode error at 001281b0: Unable to disassemble EXTERNAL block location: 001281b0 (DecompileCallback)  
WARN  Decompiling 001281b8, pcode error at 001281b8: Unable to disassemble EXTERNAL block location: 001281b8 (DecompileCallback)  
WARN  Decompiling 001281c0, pcode error at 001281c0: Unable to disassemble EXTERNAL block location: 001281c0 (DecompileCallback)  
WARN  Decompiling 001281c8, pcode error at 001281c8: Unable to disassemble EXTERNAL block location: 001281c8 (DecompileCallback)  
WARN  Decompiling 001281d0, pcode error at 001281d0: Unable to disassemble EXTERNAL block location: 001281d0 (DecompileCallback)  
WARN  Decompiling 001281d8, pcode error at 001281d8: Unable to disassemble EXTERNAL block location: 001281d8 (DecompileCallback)  
WARN  Decompiling 001281e0, pcode error at 001281e0: Unable to disassemble EXTERNAL block location: 001281e0 (DecompileCallback)  
WARN  Decompiling 001281e8, pcode error at 001281e8: Unable to disassemble EXTERNAL block location: 001281e8 (DecompileCallback)  
WARN  Decompiling 001281f0, pcode error at 001281f0: Unable to disassemble EXTERNAL block location: 001281f0 (DecompileCallback)  
WARN  Decompiling 001281f8, pcode error at 001281f8: Unable to disassemble EXTERNAL block location: 001281f8 (DecompileCallback)  
WARN  Decompiling 00128200, pcode error at 00128200: Unable to disassemble EXTERNAL block location: 00128200 (DecompileCallback)  
WARN  Decompiling 00128208, pcode error at 00128208: Unable to disassemble EXTERNAL block location: 00128208 (DecompileCallback)  
WARN  Decompiling 00128210, pcode error at 00128210: Unable to disassemble EXTERNAL block location: 00128210 (DecompileCallback)  
WARN  Decompiling 00128218, pcode error at 00128218: Unable to disassemble EXTERNAL block location: 00128218 (DecompileCallback)  
WARN  Decompiling 00128220, pcode error at 00128220: Unable to disassemble EXTERNAL block location: 00128220 (DecompileCallback)  
WARN  Decompiling 00128228, pcode error at 00128228: Unable to disassemble EXTERNAL block location: 00128228 (DecompileCallback)  
WARN  Decompiling 00128230, pcode error at 00128230: Unable to disassemble EXTERNAL block location: 00128230 (DecompileCallback)  
WARN  Decompiling 00128238, pcode error at 00128238: Unable to disassemble EXTERNAL block location: 00128238 (DecompileCallback)  
WARN  Decompiling 00128240, pcode error at 00128240: Unable to disassemble EXTERNAL block location: 00128240 (DecompileCallback)  
WARN  Decompiling 00128248, pcode error at 00128248: Unable to disassemble EXTERNAL block location: 00128248 (DecompileCallback)  
WARN  Decompiling 00128250, pcode error at 00128250: Unable to disassemble EXTERNAL block location: 00128250 (DecompileCallback)  
WARN  Decompiling 00128258, pcode error at 00128258: Unable to disassemble EXTERNAL block location: 00128258 (DecompileCallback)  
WARN  Decompiling 00128260, pcode error at 00128260: Unable to disassemble EXTERNAL block location: 00128260 (DecompileCallback)  
WARN  Decompiling 00128268, pcode error at 00128268: Unable to disassemble EXTERNAL block location: 00128268 (DecompileCallback)  
WARN  Decompiling 00128270, pcode error at 00128270: Unable to disassemble EXTERNAL block location: 00128270 (DecompileCallback)  
WARN  Decompiling 00128278, pcode error at 00128278: Unable to disassemble EXTERNAL block location: 00128278 (DecompileCallback)  
WARN  Decompiling 00128280, pcode error at 00128280: Unable to disassemble EXTERNAL block location: 00128280 (DecompileCallback)  
WARN  Decompiling 00128288, pcode error at 00128288: Unable to disassemble EXTERNAL block location: 00128288 (DecompileCallback)  
WARN  Decompiling 00128290, pcode error at 00128290: Unable to disassemble EXTERNAL block location: 00128290 (DecompileCallback)  
WARN  Decompiling 00128298, pcode error at 00128298: Unable to disassemble EXTERNAL block location: 00128298 (DecompileCallback)  
WARN  Decompiling 001282a0, pcode error at 001282a0: Unable to disassemble EXTERNAL block location: 001282a0 (DecompileCallback)  
WARN  Decompiling 001282a8, pcode error at 001282a8: Unable to disassemble EXTERNAL block location: 001282a8 (DecompileCallback)  
WARN  Decompiling 001282b0, pcode error at 001282b0: Unable to disassemble EXTERNAL block location: 001282b0 (DecompileCallback)  
WARN  Decompiling 001282b8, pcode error at 001282b8: Unable to disassemble EXTERNAL block location: 001282b8 (DecompileCallback)  
WARN  Decompiling 001282c0, pcode error at 001282c0: Unable to disassemble EXTERNAL block location: 001282c0 (DecompileCallback)  
WARN  Decompiling 001282c8, pcode error at 001282c8: Unable to disassemble EXTERNAL block location: 001282c8 (DecompileCallback)  
WARN  Decompiling 001282d0, pcode error at 001282d0: Unable to disassemble EXTERNAL block location: 001282d0 (DecompileCallback)  
WARN  Decompiling 001282d8, pcode error at 001282d8: Unable to disassemble EXTERNAL block location: 001282d8 (DecompileCallback)  
WARN  Decompiling 001282e0, pcode error at 001282e0: Unable to disassemble EXTERNAL block location: 001282e0 (DecompileCallback)  
WARN  Decompiling 001282e8, pcode error at 001282e8: Unable to disassemble EXTERNAL block location: 001282e8 (DecompileCallback)  
WARN  Decompiling 001282f0, pcode error at 001282f0: Unable to disassemble EXTERNAL block location: 001282f0 (DecompileCallback)  
WARN  Decompiling 001282f8, pcode error at 001282f8: Unable to disassemble EXTERNAL block location: 001282f8 (DecompileCallback)  
WARN  Decompiling 00128300, pcode error at 00128300: Unable to disassemble EXTERNAL block location: 00128300 (DecompileCallback)  
WARN  Decompiling 00128308, pcode error at 00128308: Unable to disassemble EXTERNAL block location: 00128308 (DecompileCallback)  
WARN  Decompiling 00128310, pcode error at 00128310: Unable to disassemble EXTERNAL block location: 00128310 (DecompileCallback)  
WARN  Decompiling 00128318, pcode error at 00128318: Unable to disassemble EXTERNAL block location: 00128318 (DecompileCallback)  
WARN  Decompiling 00128320, pcode error at 00128320: Unable to disassemble EXTERNAL block location: 00128320 (DecompileCallback)  
WARN  Decompiling 00128328, pcode error at 00128328: Unable to disassemble EXTERNAL block location: 00128328 (DecompileCallback)  
WARN  Decompiling 00128330, pcode error at 00128330: Unable to disassemble EXTERNAL block location: 00128330 (DecompileCallback)  
WARN  Decompiling 00128338, pcode error at 00128338: Unable to disassemble EXTERNAL block location: 00128338 (DecompileCallback)  
WARN  Decompiling 00128340, pcode error at 00128340: Unable to disassemble EXTERNAL block location: 00128340 (DecompileCallback)  
WARN  Decompiling 00128348, pcode error at 00128348: Unable to disassemble EXTERNAL block location: 00128348 (DecompileCallback)  
WARN  Decompiling 00128350, pcode error at 00128350: Unable to disassemble EXTERNAL block location: 00128350 (DecompileCallback)  
WARN  Decompiling 00128358, pcode error at 00128358: Unable to disassemble EXTERNAL block location: 00128358 (DecompileCallback)  
WARN  Decompiling 00128360, pcode error at 00128360: Unable to disassemble EXTERNAL block location: 00128360 (DecompileCallback)  
WARN  Decompiling 00128368, pcode error at 00128368: Unable to disassemble EXTERNAL block location: 00128368 (DecompileCallback)  
WARN  Decompiling 00128370, pcode error at 00128370: Unable to disassemble EXTERNAL block location: 00128370 (DecompileCallback)  
WARN  Decompiling 00128378, pcode error at 00128378: Unable to disassemble EXTERNAL block location: 00128378 (DecompileCallback)  
WARN  Decompiling 00128380, pcode error at 00128380: Unable to disassemble EXTERNAL block location: 00128380 (DecompileCallback)  
WARN  Decompiling 00128388, pcode error at 00128388: Unable to disassemble EXTERNAL block location: 00128388 (DecompileCallback)  
INFO  ghidra_export_pseudocode.java> [rscan] ghidra pseudocode exported: /home/vr2050/RUST/rscan_codex/projects/ls/reverse_out/job-189edc8d11013c77/pseudocode.jsonl (GhidraScript)  
INFO  ANALYZING changes made by post scripts: /ls (HeadlessAnalyzer)  
INFO  REPORT: Post-analysis succeeded for file: /ls (HeadlessAnalyzer)  
INFO  REPORT: Save succeeded for processed file: /ls (HeadlessAnalyzer)  
