INFO  Using log config file: jar:file:/home/vr2050/RUST/rscan_codex/third_party/ghidra_core_headless_x86_min/Ghidra/Framework/Generic/lib/Generic.jar!/generic.log4j.xml (LoggingInitialization)  
INFO  Using log file: /home/vr2050/.config/ghidra/ghidra_12.1_DEV/application.log (LoggingInitialization)  
INFO  Loading user preferences: /home/vr2050/.config/ghidra/ghidra_12.1_DEV/preferences (Preferences)  
INFO  Loading previous preferences: /home/vr2050/.config/ghidra/ghidra_12.0.2_DEV/preferences (Preferences)  
INFO  Searching for classes... (ClassSearcher)  
INFO  Class search complete (334 ms) (ClassSearcher)  
INFO  Initializing SSL Context (DefaultSSLContextInitializer)  
INFO  Initializing Random Number Generator... (SecureRandomFactory)  
INFO  Random Number Generator initialization complete: NativePRNGNonBlocking (SecureRandomFactory)  
INFO  Trust manager disabled, cacerts have not been set (DefaultTrustManagerFactory)  
INFO  Headless startup complete (1244 ms) (AnalyzeHeadless)  
INFO  Class searcher loaded 9 extension points (4 false positives) (ClassSearcher)  
INFO  HEADLESS Script Paths:
    /home/vr2050/RUST/rscan_codex/projects/easy/projects/cscan/reverse_out/job-189f11b23e08235b
    /home/vr2050/RUST/rscan_codex/third_party/ghidra_core_headless_x86_min/Ghidra/Features/GnuDemangler/ghidra_scripts
    /home/vr2050/RUST/rscan_codex/third_party/ghidra_core_headless_x86_min/Ghidra/Features/Decompiler/ghidra_scripts
    /home/vr2050/RUST/rscan_codex/third_party/ghidra_core_headless_x86_min/Ghidra/Features/Base/ghidra_scripts
    /home/vr2050/RUST/rscan_codex/third_party/ghidra_core_headless_x86_min/Ghidra/Features/BytePatterns/ghidra_scripts (HeadlessAnalyzer)  
INFO  HEADLESS: execution starts (HeadlessAnalyzer)  
INFO  Creating project: /home/vr2050/RUST/rscan_codex/projects/easy/projects/cscan/reverse_out/ghidra_cache/rscan_282305a582cdb8a89ebd9a1924bddb498bf1305e64535574f65024b20d411be3 (HeadlessAnalyzer)  
WARN  Tool supported content class not found: ghidra.feature.vt.api.main.VTSession (GhidraToolTemplate)  
INFO  Creating project: /home/vr2050/RUST/rscan_codex/projects/easy/projects/cscan/reverse_out/ghidra_cache/rscan_282305a582cdb8a89ebd9a1924bddb498bf1305e64535574f65024b20d411be3 (DefaultProject)  
INFO  REPORT: Processing input files:  (HeadlessAnalyzer)  
INFO       project: /home/vr2050/RUST/rscan_codex/projects/easy/projects/cscan/reverse_out/ghidra_cache/rscan_282305a582cdb8a89ebd9a1924bddb498bf1305e64535574f65024b20d411be3 (HeadlessAnalyzer)  
INFO  IMPORTING: file:///home/vr2050/cscan (HeadlessAnalyzer)  
INFO  Using Loader: Executable and Linking Format (ELF) (ProgramLoader)  
INFO  Using Language/Compiler: x86:LE:64:default:gcc (ProgramLoader)  
INFO  Using Library Search Path: [., /bin, /lib, /lib64, /lib/x86_64-linux-gnu, /lib/aarch64-linux-gnu, /usr/bin, /usr/lib, /usr/X11R6/bin, /usr/X11R6/lib, /usr/java/packages/lib, /usr/lib/x86_64-linux-gnu/jni, /usr/lib/x86_64-linux-gnu, /usr/lib/jni] (ProgramLoader)  
INFO  Additional info:
Loading file:///home/vr2050/cscan?MD5=134470f9b45bfb017088dc6a9d394526...
ELF Relocation Failure: R_X86_64_COPY (5, 0x5) at 006077c0 (Symbol = stdout) - Runtime copy not supported (8-bytes)
ELF Relocation Failure: R_X86_64_COPY (5, 0x5) at 006077c8 (Symbol = stdin) - Runtime copy not supported (8-bytes)
ELF Relocation Failure: R_X86_64_COPY (5, 0x5) at 006077d0 (Symbol = stderr) - Runtime copy not supported (8-bytes)
------------------------------------------------

Linking the External Programs of 'cscan' to imported libraries...
  [libdl.so.2] -> not found in project
  [libz.so.1] -> not found in project
  [libc.so.6] -> not found in project
------------------------------------------------

Resolving External Symbols of [/cscan] - 69 unresolved symbols, no external libraries configured - skipping
 (ProgramLoader)  
INFO  IMPORTING: Loaded 0 additional files (HeadlessAnalyzer)  
INFO  ANALYZING all memory and code: file:///home/vr2050/cscan (HeadlessAnalyzer)  
INFO  DWARF external debug information found: ExternalDebugInfo [filename=null, crc=0, hash=4485007e1df54173663f148d5840c963a7e868ee, objectType=DEBUGINFO, extra=null] (ExternalDebugFileSectionProvider)  
INFO  Unable to find DWARF information, skipping DWARF analysis (DWARFAnalyzer)  
INFO  Packed database cache: /home/vr2050/.cache/ghidra/packed-db-cache (PackedDatabaseCache)  
INFO  Applied data type archive: generic_clib_64 (ApplyDataArchiveAnalyzer)  
INFO  -----------------------------------------------------
    ASCII Strings                              0.278 secs
    Apply Data Archives                        0.213 secs
    Call Convention ID                         0.002 secs
    Call-Fixup Installer                       0.003 secs
    Create Address Tables                      0.009 secs
    Create Address Tables - One Time           0.016 secs
    Create Function                            0.021 secs
    DWARF                                      0.010 secs
    Data Reference                             0.012 secs
    Decompiler Switch Analysis                 1.061 secs
    Demangler GNU                              0.020 secs
    Disassemble Entry Points                   0.204 secs
    ELF Scalar Operand References              0.045 secs
    Embedded Media                             0.008 secs
    External Entry References                  0.000 secs
    Function Start Pre Search                  0.007 secs
    Function Start Search                      0.041 secs
    Function Start Search After Code           0.003 secs
    Function Start Search After Data           0.002 secs
    GCC Exception Handlers                     0.108 secs
    Non-Returning Functions - Discovered       0.013 secs
    Non-Returning Functions - Known            0.001 secs
    Reference                                  0.038 secs
    Shared Return Calls                        0.017 secs
    Stack                                      0.143 secs
    Subroutine References                      0.010 secs
    x86 Constant Reference Analyzer            0.270 secs
-----------------------------------------------------
     Total Time   2 secs
-----------------------------------------------------
 (AutoAnalysisManager)  
INFO  REPORT: Analysis succeeded for file: file:///home/vr2050/cscan (HeadlessAnalyzer)  
INFO  REPORT: Execute script: /home/vr2050/RUST/rscan_codex/projects/easy/projects/cscan/reverse_out/job-189f11b23e08235b/ghidra_export_index.java '/home/vr2050/RUST/rscan_codex/projects/easy/projects/cscan/reverse_out/job-189f11b23e08235b/index.jsonl'  (HeadlessAnalyzer)  
INFO  SCRIPT: /home/vr2050/RUST/rscan_codex/projects/easy/projects/cscan/reverse_out/job-189f11b23e08235b/ghidra_export_index.java (HeadlessAnalyzer)  
INFO  ghidra_export_index.java> [rscan] ghidra index exported: /home/vr2050/RUST/rscan_codex/projects/easy/projects/cscan/reverse_out/job-189f11b23e08235b/index.jsonl (GhidraScript)  
INFO  ANALYZING changes made by post scripts: file:///home/vr2050/cscan (HeadlessAnalyzer)  
INFO  REPORT: Post-analysis succeeded for file: file:///home/vr2050/cscan (HeadlessAnalyzer)  
INFO  /cscan: file created (vr2050) (LocalFileSystem)  
INFO  REPORT: Save succeeded for: /cscan (rscan_282305a582cdb8a89ebd9a1924bddb498bf1305e64535574f65024b20d411be3:/cscan) (HeadlessAnalyzer)  
INFO  REPORT: Import succeeded (HeadlessAnalyzer)  
