2026-04-23T14:51:13.575729Z  INFO rscan::cli::app: Starting rscan, log_level=info
2026-04-23T14:51:13.840753Z  INFO rscan::cli::app: Starting rscan, log_level=info
2026-04-23T14:51:13.978568Z  INFO rscan::cli::app: Starting rscan, log_level=info
2026-04-23T14:51:14.595827Z  INFO apk_info_axml::structs::res_string_pool: malformed string pool, skipped 256 bytes
2026-04-23T14:51:14.609795Z  WARN apk_info_axml::axml: not a xml resource chunk: ResChunkHeader { type_: TablePackage, header_size: 28, size: 2036 }
2026-04-23T14:51:14.609814Z  WARN apk_info_axml::axml: xml resource chunk header size is not 0x10: ResChunkHeader { type_: XmlEndNamespace, header_size: 28, size: 2100 }, skipped
2026-04-23T14:51:14.609828Z  WARN apk_info_axml::axml: skipped garbage attribute name: " >\n  </manifest>\n  android:name"
2026-04-23T14:51:14.609834Z  WARN apk_info_axml::axml: skipped garbage attribute name: " >\n  </uses-sdk>\n  android:name"
2026-04-23T14:51:14.609839Z  WARN apk_info_axml::axml: skipped garbage attribute name: " >\n  </supports-screens>\n  android:name"
2026-04-23T14:51:14.609842Z  WARN apk_info_axml::axml: skipped garbage attribute name: " >\n  </uses-feature>\n  android:name"
2026-04-23T14:51:14.609845Z  WARN apk_info_axml::axml: skipped garbage attribute name: " >\n  </uses-feature>\n  android:name"
2026-04-23T14:51:14.609847Z  WARN apk_info_axml::axml: skipped garbage attribute name: " >\n  </uses-feature>\n  android:name"
2026-04-23T14:51:14.609850Z  WARN apk_info_axml::axml: skipped garbage attribute name: " >\n  </uses-feature>\n  android:name"
2026-04-23T14:51:14.609852Z  WARN apk_info_axml::axml: skipped garbage attribute name: " >\n  </uses-feature>\n  android:name"
2026-04-23T14:51:14.609854Z  WARN apk_info_axml::axml: skipped garbage attribute name: " >\n  </uses-feature>\n  android:name"
2026-04-23T14:51:14.609856Z  WARN apk_info_axml::axml: skipped garbage attribute name: " >\n  </uses-feature>\n  android:name"
2026-04-23T14:51:14.609859Z  WARN apk_info_axml::axml: skipped garbage attribute name: " >\n  </uses-permission>\n  android:name"
2026-04-23T14:51:14.609861Z  WARN apk_info_axml::axml: skipped garbage attribute name: " >\n  </uses-permission>\n  android:name"
2026-04-23T14:51:14.609863Z  WARN apk_info_axml::axml: skipped garbage attribute name: " >\n  </uses-permission>\n  android:name"
2026-04-23T14:51:14.609866Z  WARN apk_info_axml::axml: skipped garbage attribute name: " >\n  </uses-permission>\n  android:name"
2026-04-23T14:51:14.609868Z  WARN apk_info_axml::axml: skipped garbage attribute name: " >\n  </uses-permission>\n  android:name"
2026-04-23T14:51:14.609870Z  WARN apk_info_axml::axml: skipped garbage attribute name: " >\n  </uses-permission>\n  android:name"
2026-04-23T14:51:14.609872Z  WARN apk_info_axml::axml: skipped garbage attribute name: " >\n  </uses-permission>\n  android:name"
2026-04-23T14:51:14.609874Z  WARN apk_info_axml::axml: skipped garbage attribute name: " >\n  </uses-permission>\n  android:name"
2026-04-23T14:51:14.609877Z  WARN apk_info_axml::axml: skipped garbage attribute name: " >\n  </uses-permission>\n  android:name"
2026-04-23T14:51:14.609879Z  WARN apk_info_axml::axml: skipped garbage attribute name: " >\n  </uses-permission>\n  android:name"
2026-04-23T14:51:14.609881Z  WARN apk_info_axml::axml: skipped garbage attribute name: " >\n  </uses-permission>\n  android:name"
2026-04-23T14:51:14.609883Z  WARN apk_info_axml::axml: skipped garbage attribute name: " >\n  </uses-permission>\n  android:name"
2026-04-23T14:51:14.609886Z  WARN apk_info_axml::axml: skipped garbage attribute name: " >\n  </uses-permission>\n  android:name"
2026-04-23T14:51:14.609888Z  WARN apk_info_axml::axml: skipped garbage attribute name: " >\n  </uses-permission>\n  android:name"
2026-04-23T14:51:14.609890Z  WARN apk_info_axml::axml: skipped garbage attribute name: " >\n  </uses-permission>\n  android:name"
2026-04-23T14:51:14.609892Z  WARN apk_info_axml::axml: skipped garbage attribute name: " >\n  </uses-permission>\n  android:name"
2026-04-23T14:51:14.609894Z  WARN apk_info_axml::axml: skipped garbage attribute name: " >\n  </uses-permission>\n  android:name"
2026-04-23T14:51:14.609903Z  WARN apk_info_axml::axml: skipped garbage attribute name: " >\n  </uses-permission>\n  android:name"
2026-04-23T14:51:14.609915Z  WARN apk_info_axml::axml: skipped garbage attribute name: " >\n  </uses-permission>\n  android:name"
2026-04-23T14:51:14.609917Z  WARN apk_info_axml::axml: skipped garbage attribute name: " >\n  </uses-permission>\n  android:name"
2026-04-23T14:51:14.609919Z  WARN apk_info_axml::axml: skipped garbage attribute name: " >\n  </uses-permission>\n  android:name"
2026-04-23T14:51:14.609922Z  WARN apk_info_axml::axml: skipped garbage attribute name: " >\n  </uses-permission>\n  android:name"
2026-04-23T14:51:14.609924Z  WARN apk_info_axml::axml: skipped garbage attribute name: " >\n  </uses-permission>\n  android:name"
2026-04-23T14:51:14.609926Z  WARN apk_info_axml::axml: skipped garbage attribute name: " >\n  </uses-permission>\n  android:name"
2026-04-23T14:51:14.609929Z  WARN apk_info_axml::axml: skipped garbage attribute name: " >\n  </uses-permission>\n  android:name"
2026-04-23T14:51:14.609931Z  WARN apk_info_axml::axml: skipped garbage attribute name: " >\n  </uses-permission>\n  android:name"
2026-04-23T14:51:14.609933Z  WARN apk_info_axml::axml: skipped garbage attribute name: " >\n  </uses-permission>\n  android:name"
2026-04-23T14:51:14.609936Z  WARN apk_info_axml::axml: skipped garbage attribute name: " >\n  </uses-permission>\n  android:name"
2026-04-23T14:51:14.609938Z  WARN apk_info_axml::axml: skipped garbage attribute name: " >\n  </uses-permission>\n  android:name"
2026-04-23T14:51:14.609940Z  WARN apk_info_axml::axml: skipped garbage attribute name: " >\n  </uses-permission>\n  android:name"
2026-04-23T14:51:14.609942Z  WARN apk_info_axml::axml: skipped garbage attribute name: " >\n  </uses-permission>\n  android:name"
2026-04-23T14:51:14.609945Z  WARN apk_info_axml::axml: skipped garbage attribute name: " >\n  </uses-permission>\n  android:name"
2026-04-23T14:51:14.609947Z  WARN apk_info_axml::axml: skipped garbage attribute name: " >\n  </uses-permission>\n  android:name"
2026-04-23T14:51:14.609949Z  WARN apk_info_axml::axml: skipped garbage attribute name: " >\n  </uses-permission>\n  android:name"
2026-04-23T14:51:14.609951Z  WARN apk_info_axml::axml: skipped garbage attribute name: " >\n  </uses-permission>\n  android:name"
2026-04-23T14:51:14.609954Z  WARN apk_info_axml::axml: skipped garbage attribute name: " >\n  </uses-permission>\n  android:name"
2026-04-23T14:51:14.609956Z  WARN apk_info_axml::axml: skipped garbage attribute name: " >\n  </uses-permission>\n  android:name"
2026-04-23T14:51:14.609958Z  WARN apk_info_axml::axml: skipped garbage attribute name: " >\n  </uses-permission>\n  android:name"
2026-04-23T14:51:14.609960Z  WARN apk_info_axml::axml: skipped garbage attribute name: " >\n  </uses-permission>\n  android:name"
2026-04-23T14:51:14.609963Z  WARN apk_info_axml::axml: skipped garbage attribute name: " >\n  </uses-permission>\n  android:name"
2026-04-23T14:51:14.609965Z  WARN apk_info_axml::axml: skipped garbage attribute name: " >\n  </uses-permission>\n  android:name"
2026-04-23T14:51:14.609967Z  WARN apk_info_axml::axml: skipped garbage attribute name: " >\n  </uses-permission>\n  android:name"
2026-04-23T14:51:14.609970Z  WARN apk_info_axml::axml: skipped garbage attribute name: " >\n  </uses-permission>\n  android:name"
2026-04-23T14:51:14.609972Z  WARN apk_info_axml::axml: skipped garbage attribute name: " >\n  </uses-permission>\n  android:name"
2026-04-23T14:51:14.609974Z  WARN apk_info_axml::axml: skipped garbage attribute name: " >\n  </uses-permission>\n  android:name"
2026-04-23T14:51:14.609976Z  WARN apk_info_axml::axml: skipped garbage attribute name: " >\n  </uses-permission>\n  android:name"
2026-04-23T14:51:14.609979Z  WARN apk_info_axml::axml: skipped garbage attribute name: " >\n  </uses-permission>\n  android:name"
2026-04-23T14:51:14.609981Z  WARN apk_info_axml::axml: skipped garbage attribute name: " >\n  </uses-permission>\n  android:name"
2026-04-23T14:51:14.609985Z  WARN apk_info_axml::axml: skipped garbage attribute name: " >\n  </uses-permission>\n  android:name"
2026-04-23T14:51:14.609988Z  WARN apk_info_axml::axml: skipped garbage attribute name: " >\n  </uses-permission>\n  android:name"
2026-04-23T14:51:14.609991Z  WARN apk_info_axml::axml: skipped garbage attribute name: " >\n  </uses-permission>\n  android:name"
2026-04-23T14:51:14.609993Z  WARN apk_info_axml::axml: skipped garbage attribute name: " >\n  </uses-permission>\n  android:name"
2026-04-23T14:51:14.609995Z  WARN apk_info_axml::axml: skipped garbage attribute name: " >\n  </uses-permission>\n  android:name"
2026-04-23T14:51:14.609998Z  WARN apk_info_axml::axml: skipped garbage attribute name: " >\n  </uses-permission>\n  android:name"
2026-04-23T14:51:14.610000Z  WARN apk_info_axml::axml: skipped garbage attribute name: " >\n  </uses-permission>\n  android:name"
2026-04-23T14:51:14.610003Z  WARN apk_info_axml::axml: skipped garbage attribute name: " >\n  </uses-permission>\n  android:name"
2026-04-23T14:51:14.610005Z  WARN apk_info_axml::axml: skipped garbage attribute name: " >\n  </uses-permission>\n  android:name"
2026-04-23T14:51:14.610008Z  WARN apk_info_axml::axml: skipped garbage attribute name: " >\n  </uses-permission>\n  android:name"
2026-04-23T14:51:14.610010Z  WARN apk_info_axml::axml: skipped garbage attribute name: " >\n  </uses-permission>\n  android:name"
2026-04-23T14:51:14.610013Z  WARN apk_info_axml::axml: skipped garbage attribute name: " >\n  </permission>\n  android:name"
2026-04-23T14:51:14.610015Z  WARN apk_info_axml::axml: skipped garbage attribute name: " >\n  </uses-permission>\n  android:name"
2026-04-23T14:51:14.610018Z  WARN apk_info_axml::axml: skipped garbage attribute name: " >\n  </uses-permission>\n  android:name"
2026-04-23T14:51:14.610020Z  WARN apk_info_axml::axml: skipped garbage attribute name: " >\n  </uses-permission>\n  android:name"
2026-04-23T14:51:14.610022Z  WARN apk_info_axml::axml: skipped garbage attribute name: " >\n  </uses-permission>\n  android:name"
2026-04-23T14:51:14.610024Z  WARN apk_info_axml::axml: skipped garbage attribute name: " >\n  </uses-permission>\n  android:name"
2026-04-23T14:51:14.610027Z  WARN apk_info_axml::axml: skipped garbage attribute name: " >\n  </uses-permission>\n  android:name"
2026-04-23T14:51:14.610029Z  WARN apk_info_axml::axml: skipped garbage attribute name: " >\n  </uses-permission>\n  android:name"
2026-04-23T14:51:14.610032Z  WARN apk_info_axml::axml: skipped garbage attribute name: " >\n  </uses-permission>\n  android:name"
2026-04-23T14:51:14.610034Z  WARN apk_info_axml::axml: skipped garbage attribute name: " >\n  </uses-permission>\n  android:name"
2026-04-23T14:51:14.610047Z  WARN apk_info_axml::axml: skipped garbage attribute name: " >\n  </application>\n  android:name"
2026-04-23T14:51:14.610051Z  WARN apk_info_axml::axml: skipped garbage attribute name: " >\n  </receiver>\n  android:name"
2026-04-23T14:51:14.610053Z  WARN apk_info_axml::axml: skipped garbage attribute name: " >\n  </intent-filter>\n  android:name"
2026-04-23T14:51:14.610055Z  WARN apk_info_axml::axml: skipped garbage attribute name: " >\n  </action>\n  android:name"
2026-04-23T14:51:14.610058Z  WARN apk_info_axml::axml: skipped garbage attribute name: " >\n  </activity>\n  android:name"
2026-04-23T14:51:14.610060Z  WARN apk_info_axml::axml: skipped garbage attribute name: " >\n  </intent-filter>\n  android:name"
2026-04-23T14:51:14.610063Z  WARN apk_info_axml::axml: skipped garbage attribute name: " >\n  </action>\n  android:name"
2026-04-23T14:51:14.610066Z  WARN apk_info_axml::axml: skipped garbage attribute name: " >\n  </data>\n  android:name"
2026-04-23T14:51:14.610068Z  WARN apk_info_axml::axml: skipped garbage attribute name: " >\n  </intent-filter>\n  android:name"
2026-04-23T14:51:14.610070Z  WARN apk_info_axml::axml: skipped garbage attribute name: " >\n  </action>\n  android:name"
2026-04-23T14:51:14.610073Z  WARN apk_info_axml::axml: skipped garbage attribute name: " >\n  </category>\n  android:name"
2026-04-23T14:51:14.610075Z  WARN apk_info_axml::axml: skipped garbage attribute name: " >\n  </activity>\n  android:name"
2026-04-23T14:51:14.610080Z  WARN apk_info_axml::axml: skipped garbage attribute name: " >\n  </service>\n  android:name"
2026-04-23T14:51:14.610082Z  WARN apk_info_axml::axml: skipped garbage attribute name: " >\n  </intent-filter>\n  android:name"
2026-04-23T14:51:14.610084Z  WARN apk_info_axml::axml: skipped garbage attribute name: " >\n  </action>\n  android:name"
2026-04-23T14:51:14.610087Z  WARN apk_info_axml::axml: skipped garbage attribute name: " >\n  </service>\n  android:name"
2026-04-23T14:51:14.610093Z  WARN apk_info_axml::axml: skipped garbage attribute name: " >\n  </activity>\n  android:name"
2026-04-23T14:51:14.610096Z  WARN apk_info_axml::axml: skipped garbage attribute name: " >\n  </activity>\n  android:name"
2026-04-23T14:51:14.610098Z  WARN apk_info_axml::axml: skipped garbage attribute name: " >\n  </activity>\n  android:name"
2026-04-23T14:51:14.610102Z  WARN apk_info_axml::axml: skipped garbage attribute name: " >\n  </activity>\n  android:name"
2026-04-23T14:51:14.610104Z  WARN apk_info_axml::axml: skipped garbage attribute name: " >\n  </intent-filter>\n  android:name"
2026-04-23T14:51:14.610106Z  WARN apk_info_axml::axml: skipped garbage attribute name: " >\n  </action>\n  android:name"
2026-04-23T14:51:14.610108Z  WARN apk_info_axml::axml: skipped garbage attribute name: " >\n  </category>\n  android:name"
2026-04-23T14:51:14.610110Z  WARN apk_info_axml::axml: skipped garbage attribute name: " >\n  </category>\n  android:name"
2026-04-23T14:51:14.610113Z  WARN apk_info_axml::axml: skipped garbage attribute name: " >\n  </intent-filter>\n  android:name"
2026-04-23T14:51:14.610115Z  WARN apk_info_axml::axml: skipped garbage attribute name: " >\n  </action>\n  android:name"
2026-04-23T14:51:14.610117Z  WARN apk_info_axml::axml: skipped garbage attribute name: " >\n  </category>\n  android:name"
2026-04-23T14:51:14.610120Z  WARN apk_info_axml::axml: skipped garbage attribute name: " >\n  </data>\n  android:name"
2026-04-23T14:51:14.610122Z  WARN apk_info_axml::axml: skipped garbage attribute name: " >\n  </intent-filter>\n  android:name"
2026-04-23T14:51:14.610124Z  WARN apk_info_axml::axml: skipped garbage attribute name: " >\n  </action>\n  android:name"
2026-04-23T14:51:14.610126Z  WARN apk_info_axml::axml: skipped garbage attribute name: " >\n  </category>\n  android:name"
2026-04-23T14:51:14.610129Z  WARN apk_info_axml::axml: skipped garbage attribute name: " >\n  </data>\n  android:name"
2026-04-23T14:51:14.610131Z  WARN apk_info_axml::axml: skipped garbage attribute name: " >\n  </intent-filter>\n  android:name"
2026-04-23T14:51:14.610133Z  WARN apk_info_axml::axml: skipped garbage attribute name: " >\n  </action>\n  android:name"
2026-04-23T14:51:14.610135Z  WARN apk_info_axml::axml: skipped garbage attribute name: " >\n  </category>\n  android:name"
2026-04-23T14:51:14.610137Z  WARN apk_info_axml::axml: skipped garbage attribute name: " >\n  </data>\n  android:name"
2026-04-23T14:51:14.610139Z  WARN apk_info_axml::axml: skipped garbage attribute name: " >\n  </intent-filter>\n  android:name"
2026-04-23T14:51:14.610142Z  WARN apk_info_axml::axml: skipped garbage attribute name: " >\n  </action>\n  android:name"
2026-04-23T14:51:14.610144Z  WARN apk_info_axml::axml: skipped garbage attribute name: " >\n  </category>\n  android:name"
2026-04-23T14:51:14.610146Z  WARN apk_info_axml::axml: skipped garbage attribute name: " >\n  </data>\n  android:name"
2026-04-23T14:51:14.610149Z  WARN apk_info_axml::axml: skipped garbage attribute name: " >\n  </intent-filter>\n  android:name"
2026-04-23T14:51:14.610151Z  WARN apk_info_axml::axml: skipped garbage attribute name: " >\n  </action>\n  android:name"
2026-04-23T14:51:14.610153Z  WARN apk_info_axml::axml: skipped garbage attribute name: " >\n  </category>\n  android:name"
2026-04-23T14:51:14.610155Z  WARN apk_info_axml::axml: skipped garbage attribute name: " >\n  </data>\n  android:name"
2026-04-23T14:51:14.610157Z  WARN apk_info_axml::axml: skipped garbage attribute name: " >\n  </intent-filter>\n  android:name"
2026-04-23T14:51:14.610161Z  WARN apk_info_axml::axml: skipped garbage attribute name: " >\n  </action>\n  android:name"
2026-04-23T14:51:14.610164Z  WARN apk_info_axml::axml: skipped garbage attribute name: " >\n  </category>\n  android:name"
2026-04-23T14:51:14.610166Z  WARN apk_info_axml::axml: skipped garbage attribute name: " >\n  </data>\n  android:name"
2026-04-23T14:51:14.610168Z  WARN apk_info_axml::axml: skipped garbage attribute name: " >\n  </intent-filter>\n  android:name"
2026-04-23T14:51:14.610170Z  WARN apk_info_axml::axml: skipped garbage attribute name: " >\n  </action>\n  android:name"
2026-04-23T14:51:14.610172Z  WARN apk_info_axml::axml: skipped garbage attribute name: " >\n  </category>\n  android:name"
2026-04-23T14:51:14.610175Z  WARN apk_info_axml::axml: skipped garbage attribute name: " >\n  </data>\n  android:name"
2026-04-23T14:51:14.610177Z  WARN apk_info_axml::axml: skipped garbage attribute name: " >\n  </intent-filter>\n  android:name"
2026-04-23T14:51:14.610179Z  WARN apk_info_axml::axml: skipped garbage attribute name: " >\n  </action>\n  android:name"
2026-04-23T14:51:14.610181Z  WARN apk_info_axml::axml: skipped garbage attribute name: " >\n  </category>\n  android:name"
2026-04-23T14:51:14.610183Z  WARN apk_info_axml::axml: skipped garbage attribute name: " >\n  </category>\n  android:name"
2026-04-23T14:51:14.610186Z  WARN apk_info_axml::axml: skipped garbage attribute name: " >\n  </data>\n  android:name"
2026-04-23T14:51:14.610188Z  WARN apk_info_axml::axml: skipped garbage attribute name: " >\n  </data>\n  android:name"
2026-04-23T14:51:14.610192Z  WARN apk_info_axml::axml: skipped garbage attribute name: " >\n  </intent-filter>\n  android:name"
2026-04-23T14:51:14.610195Z  WARN apk_info_axml::axml: skipped garbage attribute name: " >\n  </action>\n  android:name"
2026-04-23T14:51:14.610198Z  WARN apk_info_axml::axml: skipped garbage attribute name: " >\n  </category>\n  android:name"
2026-04-23T14:51:14.610201Z  WARN apk_info_axml::axml: skipped garbage attribute name: " >\n  </category>\n  android:name"
2026-04-23T14:51:14.610203Z  WARN apk_info_axml::axml: skipped garbage attribute name: " >\n  </data>\n  android:name"
2026-04-23T14:51:14.610205Z  WARN apk_info_axml::axml: skipped garbage attribute name: " >\n  </intent-filter>\n  android:name"
2026-04-23T14:51:14.610207Z  WARN apk_info_axml::axml: skipped garbage attribute name: " >\n  </action>\n  android:name"
2026-04-23T14:51:14.610210Z  WARN apk_info_axml::axml: skipped garbage attribute name: " >\n  </category>\n  android:name"
2026-04-23T14:51:14.610212Z  WARN apk_info_axml::axml: skipped garbage attribute name: " >\n  </category>\n  android:name"
2026-04-23T14:51:14.610214Z  WARN apk_info_axml::axml: skipped garbage attribute name: " >\n  </data>\n  android:name"
2026-04-23T14:51:14.610217Z  WARN apk_info_axml::axml: skipped garbage attribute name: " >\n  </meta-data>\n  android:name"
2026-04-23T14:51:14.610221Z  WARN apk_info_axml::axml: skipped garbage attribute name: " >\n  </activity>\n  android:name"
2026-04-23T14:51:14.610226Z  WARN apk_info_axml::axml: skipped garbage attribute name: " >\n  </activity>\n  android:name"
2026-04-23T14:51:14.610229Z  WARN apk_info_axml::axml: skipped garbage attribute name: " >\n  </intent-filter>\n  android:name"
2026-04-23T14:51:14.610231Z  WARN apk_info_axml::axml: skipped garbage attribute name: " >\n  </action>\n  android:name"
2026-04-23T14:51:14.610234Z  WARN apk_info_axml::axml: skipped garbage attribute name: " >\n  </category>\n  android:name"
2026-04-23T14:51:14.610236Z  WARN apk_info_axml::axml: skipped garbage attribute name: " >\n  </category>\n  android:name"
2026-04-23T14:51:14.610238Z  WARN apk_info_axml::axml: skipped garbage attribute name: " >\n  </data>\n  android:name"
2026-04-23T14:51:14.610241Z  WARN apk_info_axml::axml: skipped garbage attribute name: " >\n  </activity>\n  android:name"
2026-04-23T14:51:14.610244Z  WARN apk_info_axml::axml: skipped garbage attribute name: " >\n  </intent-filter>\n  android:name"
2026-04-23T14:51:14.610247Z  WARN apk_info_axml::axml: skipped garbage attribute name: " >\n  </action>\n  android:name"
2026-04-23T14:51:14.610250Z  WARN apk_info_axml::axml: skipped garbage attribute name: " >\n  </category>\n  android:name"
2026-04-23T14:51:14.610253Z  WARN apk_info_axml::axml: skipped garbage attribute name: " >\n  </activity>\n  android:name"
2026-04-23T14:51:14.610256Z  WARN apk_info_axml::axml: skipped garbage attribute name: " >\n  </activity>\n  android:name"
2026-04-23T14:51:14.610260Z  WARN apk_info_axml::axml: skipped garbage attribute name: " >\n  </activity>\n  android:name"
2026-04-23T14:51:14.610263Z  WARN apk_info_axml::axml: skipped garbage attribute name: " >\n  </intent-filter>\n  android:name"
2026-04-23T14:51:14.610265Z  WARN apk_info_axml::axml: skipped garbage attribute name: " >\n  </action>\n  android:name"
2026-04-23T14:51:14.610267Z  WARN apk_info_axml::axml: skipped garbage attribute name: " >\n  </category>\n  android:name"
2026-04-23T14:51:14.610269Z  WARN apk_info_axml::axml: skipped garbage attribute name: " >\n  </category>\n  android:name"
2026-04-23T14:51:14.610272Z  WARN apk_info_axml::axml: skipped garbage attribute name: " >\n  </data>\n  android:name"
2026-04-23T14:51:14.610275Z  WARN apk_info_axml::axml: skipped garbage attribute name: " >\n  </activity>\n  android:name"
2026-04-23T14:51:14.610277Z  WARN apk_info_axml::axml: skipped garbage attribute name: " >\n  </intent-filter>\n  android:name"
2026-04-23T14:51:14.610280Z  WARN apk_info_axml::axml: skipped garbage attribute name: " >\n  </action>\n  android:name"
2026-04-23T14:51:14.610285Z  WARN apk_info_axml::axml: skipped garbage attribute name: " >\n  </activity>\n  android:name"
2026-04-23T14:51:14.610289Z  WARN apk_info_axml::axml: skipped garbage attribute name: " >\n  </activity>\n  android:name"
2026-04-23T14:51:14.610293Z  WARN apk_info_axml::axml: skipped garbage attribute name: " >\n  </activity>\n  android:name"
2026-04-23T14:51:14.610296Z  WARN apk_info_axml::axml: skipped garbage attribute name: " >\n  </activity>\n  android:name"
2026-04-23T14:51:14.610298Z  WARN apk_info_axml::axml: skipped garbage attribute name: " >\n  </receiver>\n  android:name"
2026-04-23T14:51:14.610301Z  WARN apk_info_axml::axml: skipped garbage attribute name: " >\n  </intent-filter>\n  android:name"
2026-04-23T14:51:14.610303Z  WARN apk_info_axml::axml: skipped garbage attribute name: " >\n  </action>\n  android:name"
2026-04-23T14:51:14.610306Z  WARN apk_info_axml::axml: skipped garbage attribute name: " >\n  </receiver>\n  android:name"
2026-04-23T14:51:14.610308Z  WARN apk_info_axml::axml: skipped garbage attribute name: " >\n  </intent-filter>\n  android:name"
2026-04-23T14:51:14.610310Z  WARN apk_info_axml::axml: skipped garbage attribute name: " >\n  </action>\n  android:name"
2026-04-23T14:51:14.610313Z  WARN apk_info_axml::axml: skipped garbage attribute name: " >\n  </service>\n  android:name"
2026-04-23T14:51:14.610315Z  WARN apk_info_axml::axml: skipped garbage attribute name: " >\n  </intent-filter>\n  android:name"
2026-04-23T14:51:14.610320Z  WARN apk_info_axml::axml: skipped garbage attribute name: " >\n  </action>\n  android:name"
2026-04-23T14:51:14.610330Z  WARN apk_info_axml::axml: skipped garbage attribute name: " >\n  </meta-data>\n  android:name"
2026-04-23T14:51:14.610333Z  WARN apk_info_axml::axml: skipped garbage attribute name: " >\n  </service>\n  android:name"
2026-04-23T14:51:14.610335Z  WARN apk_info_axml::axml: skipped garbage attribute name: " >\n  </intent-filter>\n  android:name"
2026-04-23T14:51:14.610338Z  WARN apk_info_axml::axml: skipped garbage attribute name: " >\n  </action>\n  android:name"
2026-04-23T14:51:14.610340Z  WARN apk_info_axml::axml: skipped garbage attribute name: " >\n  </meta-data>\n  android:name"
2026-04-23T14:51:14.610343Z  WARN apk_info_axml::axml: skipped garbage attribute name: " >\n  </meta-data>\n  android:name"
2026-04-23T14:51:14.610346Z  WARN apk_info_axml::axml: skipped garbage attribute name: " >\n  </service>\n  android:name"
2026-04-23T14:51:14.610350Z  WARN apk_info_axml::axml: skipped garbage attribute name: " >\n  </intent-filter>\n  android:name"
2026-04-23T14:51:14.610353Z  WARN apk_info_axml::axml: skipped garbage attribute name: " >\n  </action>\n  android:name"
2026-04-23T14:51:14.610355Z  WARN apk_info_axml::axml: skipped garbage attribute name: " >\n  </service>\n  android:name"
2026-04-23T14:51:14.610358Z  WARN apk_info_axml::axml: skipped garbage attribute name: " >\n  </service>\n  android:name"
2026-04-23T14:51:14.610360Z  WARN apk_info_axml::axml: skipped garbage attribute name: " >\n  </service>\n  android:name"
2026-04-23T14:51:14.610363Z  WARN apk_info_axml::axml: skipped garbage attribute name: " >\n  </service>\n  android:name"
2026-04-23T14:51:14.610365Z  WARN apk_info_axml::axml: skipped garbage attribute name: " >\n  </service>\n  android:name"
2026-04-23T14:51:14.610367Z  WARN apk_info_axml::axml: skipped garbage attribute name: " >\n  </service>\n  android:name"
2026-04-23T14:51:14.610370Z  WARN apk_info_axml::axml: skipped garbage attribute name: " >\n  </service>\n  android:name"
2026-04-23T14:51:14.610372Z  WARN apk_info_axml::axml: skipped garbage attribute name: " >\n  </service>\n  android:name"
2026-04-23T14:51:14.610375Z  WARN apk_info_axml::axml: skipped garbage attribute name: " >\n  </service>\n  android:name"
2026-04-23T14:51:14.610377Z  WARN apk_info_axml::axml: skipped garbage attribute name: " >\n  </intent-filter>\n  android:name"
2026-04-23T14:51:14.610379Z  WARN apk_info_axml::axml: skipped garbage attribute name: " >\n  </action>\n  android:name"
2026-04-23T14:51:14.610382Z  WARN apk_info_axml::axml: skipped garbage attribute name: " >\n  </service>\n  android:name"
2026-04-23T14:51:14.610384Z  WARN apk_info_axml::axml: skipped garbage attribute name: " >\n  </intent-filter>\n  android:name"
2026-04-23T14:51:14.610386Z  WARN apk_info_axml::axml: skipped garbage attribute name: " >\n  </action>\n  android:name"
2026-04-23T14:51:14.610389Z  WARN apk_info_axml::axml: skipped garbage attribute name: " >\n  </action>\n  android:name"
2026-04-23T14:51:14.610391Z  WARN apk_info_axml::axml: skipped garbage attribute name: " >\n  </action>\n  android:name"
2026-04-23T14:51:14.610393Z  WARN apk_info_axml::axml: skipped garbage attribute name: " >\n  </action>\n  android:name"
2026-04-23T14:51:14.610396Z  WARN apk_info_axml::axml: skipped garbage attribute name: " >\n  </data>\n  android:name"
2026-04-23T14:51:14.610398Z  WARN apk_info_axml::axml: skipped garbage attribute name: " >\n  </service>\n  android:name"
2026-04-23T14:51:14.610400Z  WARN apk_info_axml::axml: skipped garbage attribute name: " >\n  </intent-filter>\n  android:name"
2026-04-23T14:51:14.610403Z  WARN apk_info_axml::axml: skipped garbage attribute name: " >\n  </action>\n  android:name"
2026-04-23T14:51:14.610406Z  WARN apk_info_axml::axml: skipped garbage attribute name: " >\n  </service>\n  android:name"
2026-04-23T14:51:14.610408Z  WARN apk_info_axml::axml: skipped garbage attribute name: " >\n  </receiver>\n  android:name"
2026-04-23T14:51:14.610410Z  WARN apk_info_axml::axml: skipped garbage attribute name: " >\n  </intent-filter>\n  android:name"
2026-04-23T14:51:14.610412Z  WARN apk_info_axml::axml: skipped garbage attribute name: " >\n  </action>\n  android:name"
2026-04-23T14:51:14.610415Z  WARN apk_info_axml::axml: skipped garbage attribute name: " >\n  </action>\n  android:name"
2026-04-23T14:51:14.610417Z  WARN apk_info_axml::axml: skipped garbage attribute name: " >\n  </action>\n  android:name"
2026-04-23T14:51:14.610419Z  WARN apk_info_axml::axml: skipped garbage attribute name: " >\n  </action>\n  android:name"
2026-04-23T14:51:14.610421Z  WARN apk_info_axml::axml: skipped garbage attribute name: " >\n  </action>\n  android:name"
2026-04-23T14:51:14.610424Z  WARN apk_info_axml::axml: skipped garbage attribute name: " >\n  </action>\n  android:name"
2026-04-23T14:51:14.610426Z  WARN apk_info_axml::axml: skipped garbage attribute name: " >\n  </action>\n  android:name"
2026-04-23T14:51:14.610430Z  WARN apk_info_axml::axml: skipped garbage attribute name: " >\n  </receiver>\n  android:name"
2026-04-23T14:51:14.610433Z  WARN apk_info_axml::axml: skipped garbage attribute name: " >\n  </intent-filter>\n  android:name"
2026-04-23T14:51:14.610436Z  WARN apk_info_axml::axml: skipped garbage attribute name: " >\n  </action>\n  android:name"
2026-04-23T14:51:14.610439Z  WARN apk_info_axml::axml: skipped garbage attribute name: " >\n  </receiver>\n  android:name"
2026-04-23T14:51:14.610441Z  WARN apk_info_axml::axml: skipped garbage attribute name: " >\n  </intent-filter>\n  android:name"
2026-04-23T14:51:14.610443Z  WARN apk_info_axml::axml: skipped garbage attribute name: " >\n  </action>\n  android:name"
2026-04-23T14:51:14.610446Z  WARN apk_info_axml::axml: skipped garbage attribute name: " >\n  </action>\n  android:name"
2026-04-23T14:51:14.610448Z  WARN apk_info_axml::axml: skipped garbage attribute name: " >\n  </receiver>\n  android:name"
2026-04-23T14:51:14.610451Z  WARN apk_info_axml::axml: skipped garbage attribute name: " >\n  </intent-filter>\n  android:name"
2026-04-23T14:51:14.610453Z  WARN apk_info_axml::axml: skipped garbage attribute name: " >\n  </action>\n  android:name"
2026-04-23T14:51:14.610455Z  WARN apk_info_axml::axml: skipped garbage attribute name: " >\n  </receiver>\n  android:name"
2026-04-23T14:51:14.610458Z  WARN apk_info_axml::axml: skipped garbage attribute name: " >\n  </receiver>\n  android:name"
2026-04-23T14:51:14.610461Z  WARN apk_info_axml::axml: skipped garbage attribute name: " >\n  </receiver>\n  android:name"
2026-04-23T14:51:14.610464Z  WARN apk_info_axml::axml: skipped garbage attribute name: " >\n  </receiver>\n  android:name"
2026-04-23T14:51:14.610466Z  WARN apk_info_axml::axml: skipped garbage attribute name: " >\n  </receiver>\n  android:name"
2026-04-23T14:51:14.610468Z  WARN apk_info_axml::axml: skipped garbage attribute name: " >\n  </receiver>\n  android:name"
2026-04-23T14:51:14.610471Z  WARN apk_info_axml::axml: skipped garbage attribute name: " >\n  </receiver>\n  android:name"
2026-04-23T14:51:14.610473Z  WARN apk_info_axml::axml: skipped garbage attribute name: " >\n  </receiver>\n  android:name"
2026-04-23T14:51:14.610476Z  WARN apk_info_axml::axml: skipped garbage attribute name: " >\n  </provider>\n  android:name"
2026-04-23T14:51:14.610479Z  WARN apk_info_axml::axml: skipped garbage attribute name: " >\n  </meta-data>\n  android:name"
2026-04-23T14:51:14.610482Z  WARN apk_info_axml::axml: skipped garbage attribute name: " >\n  </provider>\n  android:name"
2026-04-23T14:51:14.610484Z  WARN apk_info_axml::axml: skipped garbage attribute name: " >\n  </provider>\n  android:name"
2026-04-23T14:51:14.610487Z  WARN apk_info_axml::axml: skipped garbage attribute name: " >\n  </uses-library>\n  android:name"
2026-04-23T14:51:14.610490Z  WARN apk_info_axml::axml: skipped garbage attribute name: " >\n  </uses-library>\n  android:name"
2026-04-23T14:51:14.610492Z  WARN apk_info_axml::axml: skipped garbage attribute name: " >\n  </meta-data>\n  android:name"
2026-04-23T14:51:14.610495Z  WARN apk_info_axml::axml: skipped garbage attribute name: " >\n  </meta-data>\n  android:name"
2026-04-23T14:51:14.610497Z  WARN apk_info_axml::axml: skipped garbage attribute name: " >\n  </meta-data>\n  android:name"
2026-04-23T14:51:14.610500Z  WARN apk_info_axml::axml: skipped garbage attribute name: " >\n  </meta-data>\n  android:name"
2026-04-23T14:51:14.610502Z  WARN apk_info_axml::axml: skipped garbage attribute name: " >\n  </meta-data>\n  android:name"
2026-04-23T14:51:14.610506Z  WARN apk_info_axml::axml: skipped garbage attribute name: " >\n  </meta-data>\n  android:name"
2026-04-23T14:51:14.610508Z  WARN apk_info_axml::axml: skipped garbage attribute name: " >\n  </meta-data>\n  android:name"
2026-04-23T14:51:14.610511Z  WARN apk_info_axml::axml: skipped garbage attribute name: " >\n  </meta-data>\n  android:name"
2026-04-23T14:51:14.610537Z  WARN apk_info_axml::axml: skipped garbage attribute name: " >\n  </meta-data>\n  android:name"
2026-04-23T14:51:14.610540Z  WARN apk_info_axml::axml: skipped garbage attribute name: " >\n  </service>\n  android:name"
2026-04-23T14:51:14.610543Z  WARN apk_info_axml::axml: skipped garbage attribute name: " >\n  </service>\n  android:name"
2026-04-23T14:51:14.610547Z  WARN apk_info_axml::axml: skipped garbage attribute name: " >\n  </meta-data>\n  android:name"
2026-04-23T14:51:14.610551Z  WARN apk_info_axml::axml: skipped garbage attribute name: " >\n  </activity>\n  android:name"
2026-04-23T14:51:14.610554Z  WARN apk_info_axml::axml: skipped garbage attribute name: " >\n  </service>\n  android:name"
2026-04-23T14:51:14.610557Z  WARN apk_info_axml::axml: skipped garbage attribute name: " >\n  </service>\n  android:name"
2026-04-23T14:51:14.610560Z  WARN apk_info_axml::axml: skipped garbage attribute name: " >\n  </service>\n  android:name"
2026-04-23T14:51:14.610562Z  WARN apk_info_axml::axml: skipped garbage attribute name: " >\n  </receiver>\n  android:name"
2026-04-23T14:51:14.610565Z  WARN apk_info_axml::axml: skipped garbage attribute name: " >\n  </intent-filter>\n  android:name"
2026-04-23T14:51:14.610567Z  WARN apk_info_axml::axml: skipped garbage attribute name: " >\n  </action>\n  android:name"
2026-04-23T14:51:14.610569Z  WARN apk_info_axml::axml: skipped garbage attribute name: " >\n  </action>\n  android:name"
2026-04-23T14:51:14.610571Z  WARN apk_info_axml::axml: skipped garbage attribute name: " >\n  </action>\n  android:name"
2026-04-23T14:51:14.610573Z  WARN apk_info_axml::axml: skipped garbage attribute name: " >\n  </action>\n  android:name"
2026-04-23T14:51:14.610576Z  WARN apk_info_axml::axml: skipped garbage attribute name: " >\n  </action>\n  android:name"
2026-04-23T14:51:14.610578Z  WARN apk_info_axml::axml: skipped garbage attribute name: " >\n  </action>\n  android:name"
2026-04-23T14:51:14.610580Z  WARN apk_info_axml::axml: skipped garbage attribute name: " >\n  </category>\n  android:name"
2026-04-23T14:51:14.610583Z  WARN apk_info_axml::axml: skipped garbage attribute name: " >\n  </intent-filter>\n  android:name"
2026-04-23T14:51:14.610585Z  WARN apk_info_axml::axml: skipped garbage attribute name: " >\n  </action>\n  android:name"
2026-04-23T14:51:14.610587Z  WARN apk_info_axml::axml: skipped garbage attribute name: " >\n  </action>\n  android:name"
2026-04-23T14:51:14.610590Z  WARN apk_info_axml::axml: skipped garbage attribute name: " >\n  </data>\n  android:name"
2026-04-23T14:51:14.610593Z  WARN apk_info_axml::axml: skipped garbage attribute name: " >\n  </receiver>\n  android:name"
2026-04-23T14:51:14.610595Z  WARN apk_info_axml::axml: skipped garbage attribute name: " >\n  </intent-filter>\n  android:name"
2026-04-23T14:51:14.610598Z  WARN apk_info_axml::axml: skipped garbage attribute name: " >\n  </action>\n  android:name"
2026-04-23T14:51:14.610600Z  WARN apk_info_axml::axml: skipped garbage attribute name: " >\n  </action>\n  android:name"
2026-04-23T14:51:14.610602Z  WARN apk_info_axml::axml: skipped garbage attribute name: " >\n  </action>\n  android:name"
2026-04-23T14:51:14.610604Z  WARN apk_info_axml::axml: skipped garbage attribute name: " >\n  </category>\n  android:name"
2026-04-23T14:51:14.610607Z  WARN apk_info_axml::axml: skipped garbage attribute name: " >\n  </meta-data>\n  android:name"
2026-04-23T14:51:14.610609Z  WARN apk_info_axml::axml: skipped garbage attribute name: " >\n  </meta-data>\n  android:name"
2026-04-23T14:51:14.610612Z  WARN apk_info_axml::axml: skipped garbage attribute name: " >\n  </activity>\n  android:name"
2026-04-23T14:51:14.610615Z  WARN apk_info_axml::axml: skipped garbage attribute name: " >\n  </service>\n  android:name"
2026-04-23T14:51:14.610623Z  WARN apk_info_axml::axml: skipped garbage attribute name: " >\n  </activity>\n  android:name"
2026-04-23T14:51:14.610626Z  WARN apk_info_axml::axml: skipped garbage attribute name: " >\n  </provider>\n  android:name"
2026-04-23T14:51:14.610629Z  WARN apk_info_axml::axml: skipped garbage attribute name: " >\n  </meta-data>\n  android:name"
2026-04-23T14:51:14.610631Z  WARN apk_info_axml::axml: skipped garbage attribute name: " >\n  </service>\n  android:name"
2026-04-23T14:51:14.610635Z  WARN apk_info_axml::axml: skipped garbage attribute name: " >\n  </intent-filter>\n  android:name"
2026-04-23T14:51:14.610638Z  WARN apk_info_axml::axml: skipped garbage attribute name: " >\n  </action>\n  android:name"
2026-04-23T14:51:14.610644Z  WARN apk_info_axml::axml: skipped garbage attribute name: " >\n  </service>\n  android:name"
2026-04-23T14:51:14.610646Z  WARN apk_info_axml::axml: skipped garbage attribute name: " >\n  </intent-filter>\n  android:name"
2026-04-23T14:51:14.610649Z  WARN apk_info_axml::axml: skipped garbage attribute name: " >\n  </action>\n  android:name"
2026-04-23T14:51:14.610652Z  WARN apk_info_axml::axml: skipped garbage attribute name: " >\n  </service>\n  android:name"
2026-04-23T14:51:14.610654Z  WARN apk_info_axml::axml: skipped garbage attribute name: " >\n  </meta-data>\n  android:name"
2026-04-23T14:51:14.610657Z  WARN apk_info_axml::axml: skipped garbage attribute name: " >\n  </meta-data>\n  android:name"
2026-04-23T14:51:14.610659Z  WARN apk_info_axml::axml: skipped garbage attribute name: " >\n  </meta-data>\n  android:name"
2026-04-23T14:51:14.610661Z  WARN apk_info_axml::axml: skipped garbage attribute name: " >\n  </meta-data>\n  android:name"
2026-04-23T14:51:14.610664Z  WARN apk_info_axml::axml: skipped garbage attribute name: " >\n  </meta-data>\n  android:name"
2026-04-23T14:51:14.610666Z  WARN apk_info_axml::axml: skipped garbage attribute name: " >\n  </service>\n  android:name"
2026-04-23T14:51:14.610669Z  WARN apk_info_axml::axml: skipped garbage attribute name: " >\n  </activity>\n  android:name"
2026-04-23T14:51:14.610673Z  WARN apk_info_axml::axml: skipped garbage attribute name: " >\n  </activity>\n  android:name"
2026-04-23T14:51:14.610675Z  WARN apk_info_axml::axml: skipped garbage attribute name: " >\n  </receiver>\n  android:name"
2026-04-23T14:51:14.610677Z  WARN apk_info_axml::axml: skipped garbage attribute name: " >\n  </intent-filter>\n  android:name"
2026-04-23T14:51:14.610680Z  WARN apk_info_axml::axml: skipped garbage attribute name: " >\n  </action>\n  android:name"
2026-04-23T14:51:14.610683Z  WARN apk_info_axml::axml: skipped garbage attribute name: " >\n  </activity>\n  android:name"
2026-04-23T14:51:14.610686Z  WARN apk_info_axml::axml: skipped garbage attribute name: " >\n  </service>\n  android:name"
2026-04-23T14:51:14.610688Z  WARN apk_info_axml::axml: skipped garbage attribute name: " >\n  </provider>\n  android:name"
2026-04-23T14:51:14.610691Z  WARN apk_info_axml::axml: skipped garbage attribute name: " >\n  </activity>\n  android:name"
2026-04-23T14:51:14.610694Z  WARN apk_info_axml::axml: skipped garbage attribute name: " >\n  </meta-data>\n  android:name"
2026-04-23T14:51:14.610697Z  WARN apk_info_axml::axml: skipped garbage attribute name: " >\n  </provider>\n  android:name"
2026-04-23T14:51:14.610700Z  WARN apk_info_axml::axml: skipped garbage attribute name: " >\n  </meta-data>\n  android:name"
2026-04-23T14:51:14.610703Z  WARN apk_info_axml::axml: skipped garbage attribute name: " >\n  </activity>\n  android:name"
2026-04-23T14:51:14.610706Z  WARN apk_info_axml::axml: skipped garbage attribute name: " >\n  </service>\n  android:name"
2026-04-23T14:51:14.610708Z  WARN apk_info_axml::axml: skipped garbage attribute name: " >\n  </meta-data>\n  android:name"
2026-04-23T14:51:14.610711Z  WARN apk_info_axml::axml: skipped garbage attribute name: " >\n  </service>\n  android:name"
2026-04-23T14:51:14.610713Z  WARN apk_info_axml::axml: skipped garbage attribute name: " >\n  </receiver>\n  android:name"
2026-04-23T14:51:14.787466Z  INFO rscan::cli::app: Starting rscan, log_level=info
