INFO  Using log config file: jar:file:/home/vr2050/RUST/rscan_codex/third_party/ghidra_core_headless_x86_min/Ghidra/Framework/Generic/lib/Generic.jar!/generic.log4j.xml (LoggingInitialization)  
INFO  Using log file: /home/vr2050/.config/ghidra/ghidra_12.1_DEV/application.log (LoggingInitialization)  
INFO  Loading user preferences: /home/vr2050/.config/ghidra/ghidra_12.1_DEV/preferences (Preferences)  
INFO  Loading previous preferences: /home/vr2050/.config/ghidra/ghidra_12.0.2_DEV/preferences (Preferences)  
INFO  Searching for classes... (ClassSearcher)  
INFO  Class search complete (423 ms) (ClassSearcher)  
INFO  Initializing SSL Context (DefaultSSLContextInitializer)  
INFO  Initializing Random Number Generator... (SecureRandomFactory)  
INFO  Random Number Generator initialization complete: NativePRNGNonBlocking (SecureRandomFactory)  
INFO  Trust manager disabled, cacerts have not been set (DefaultTrustManagerFactory)  
INFO  Headless startup complete (1541 ms) (AnalyzeHeadless)  
INFO  Class searcher loaded 9 extension points (4 false positives) (ClassSearcher)  
INFO  HEADLESS Script Paths:
    /home/vr2050/RUST/rscan_codex/third_party/ghidra_core_headless_x86_min/Ghidra/Features/GnuDemangler/ghidra_scripts
    /home/vr2050/RUST/rscan_codex/third_party/ghidra_core_headless_x86_min/Ghidra/Features/Decompiler/ghidra_scripts
    /home/vr2050/RUST/rscan_codex/projects/default/reverse_out/job-189e6d544d1ac19d
    /home/vr2050/RUST/rscan_codex/third_party/ghidra_core_headless_x86_min/Ghidra/Features/Base/ghidra_scripts
    /home/vr2050/RUST/rscan_codex/third_party/ghidra_core_headless_x86_min/Ghidra/Features/BytePatterns/ghidra_scripts (HeadlessAnalyzer)  
INFO  HEADLESS: execution starts (HeadlessAnalyzer)  
INFO  Opening existing project: /home/vr2050/RUST/rscan_codex/projects/default/reverse_out/ghidra_cache/rscan_c6463a4c3b32e86d2dea154dd0127b1e8f9f5c698993c7916ca87f63dbd26601 (HeadlessAnalyzer)  
WARN  Tool supported content class not found: ghidra.feature.vt.api.main.VTSession (GhidraToolTemplate)  
INFO  Opening project: /home/vr2050/RUST/rscan_codex/projects/default/reverse_out/ghidra_cache/rscan_c6463a4c3b32e86d2dea154dd0127b1e8f9f5c698993c7916ca87f63dbd26601 (HeadlessProject)  
INFO  REPORT: Processing project file: /easy (HeadlessAnalyzer)  
INFO  ANALYZING all memory and code: /easy (HeadlessAnalyzer)  
INFO  DWARF already imported, skipping. (DWARFAnalyzer)  
INFO  Packed database cache: /home/vr2050/.cache/ghidra/packed-db-cache (PackedDatabaseCache)  
INFO  Applied data type archive: generic_clib_64 (ApplyDataArchiveAnalyzer)  
INFO  Resolving External Symbols of [/easy] - 11 unresolved symbols, no external libraries configured - skipping (ExternalSymbolResolverAnalyzer)  
INFO  -----------------------------------------------------
    ASCII Strings                              0.307 secs
    Apply Data Archives                        0.197 secs
    Call Convention ID                         0.001 secs
    Call-Fixup Installer                       0.001 secs
    Create Address Tables                      0.003 secs
    Create Function                            0.000 secs
    DWARF                                      0.000 secs
    Data Reference                             0.006 secs
    Decompiler Switch Analysis                 0.313 secs
    Demangler GNU                              0.013 secs
    Disassemble Entry Points                   0.003 secs
    ELF Scalar Operand References              0.013 secs
    Embedded Media                             0.006 secs
    External Entry References                  0.001 secs
    External Symbol Resolver                   0.004 secs
    Function Start Pre Search                  0.008 secs
    Function Start Search                      0.049 secs
    Function Start Search After Code           0.003 secs
    Function Start Search After Data           0.001 secs
    GCC Exception Handlers                     0.085 secs
    Non-Returning Functions - Discovered       0.006 secs
    Non-Returning Functions - Known            0.009 secs
    Reference                                  0.012 secs
    Shared Return Calls                        0.009 secs
    Stack                                      0.017 secs
    Subroutine References                      0.007 secs
    x86 Constant Reference Analyzer            0.061 secs
-----------------------------------------------------
     Total Time   1 secs
-----------------------------------------------------
 (AutoAnalysisManager)  
INFO  REPORT: Analysis succeeded for file: /easy (HeadlessAnalyzer)  
INFO  REPORT: Execute script: /home/vr2050/RUST/rscan_codex/projects/default/reverse_out/job-189e6d544d1ac19d/ghidra_export_pseudocode.java '/home/vr2050/RUST/rscan_codex/projects/default/reverse_out/job-189e6d544d1ac19d/pseudocode.jsonl'  (HeadlessAnalyzer)  
INFO  SCRIPT: /home/vr2050/RUST/rscan_codex/projects/default/reverse_out/job-189e6d544d1ac19d/ghidra_export_pseudocode.java (HeadlessAnalyzer)  
WARN  Decompiling 00105000, pcode error at 00105000: Unable to disassemble EXTERNAL block location: 00105000 (DecompileCallback)  
WARN  Decompiling 00105008, pcode error at 00105008: Unable to disassemble EXTERNAL block location: 00105008 (DecompileCallback)  
WARN  Decompiling 00105010, pcode error at 00105010: Unable to disassemble EXTERNAL block location: 00105010 (DecompileCallback)  
WARN  Decompiling 00105018, pcode error at 00105018: Unable to disassemble EXTERNAL block location: 00105018 (DecompileCallback)  
WARN  Decompiling 00105020, pcode error at 00105020: Unable to disassemble EXTERNAL block location: 00105020 (DecompileCallback)  
WARN  Decompiling 00105028, pcode error at 00105028: Unable to disassemble EXTERNAL block location: 00105028 (DecompileCallback)  
WARN  Decompiling 00105030, pcode error at 00105030: Unable to disassemble EXTERNAL block location: 00105030 (DecompileCallback)  
WARN  Decompiling 00105038, pcode error at 00105038: Unable to disassemble EXTERNAL block location: 00105038 (DecompileCallback)  
WARN  Decompiling 00105040, pcode error at 00105040: Unable to disassemble EXTERNAL block location: 00105040 (DecompileCallback)  
WARN  Decompiling 00105048, pcode error at 00105048: Unable to disassemble EXTERNAL block location: 00105048 (DecompileCallback)  
WARN  Decompiling 00105050, pcode error at 00105050: Unable to disassemble EXTERNAL block location: 00105050 (DecompileCallback)  
INFO  ghidra_export_pseudocode.java> [rscan] ghidra pseudocode exported: /home/vr2050/RUST/rscan_codex/projects/default/reverse_out/job-189e6d544d1ac19d/pseudocode.jsonl (GhidraScript)  
INFO  ANALYZING changes made by post scripts: /easy (HeadlessAnalyzer)  
INFO  REPORT: Post-analysis succeeded for file: /easy (HeadlessAnalyzer)  
INFO  REPORT: Save succeeded for processed file: /easy (HeadlessAnalyzer)  
