2026-04-23T14:37:12.730442Z  INFO rscan::cli::app: Starting rscan, log_level=info
2026-04-23T14:37:13.344162Z  INFO apk_info_axml::structs::res_string_pool: malformed string pool, skipped 256 bytes
2026-04-23T14:37:13.358460Z  WARN apk_info_axml::axml: not a xml resource chunk: ResChunkHeader { type_: TablePackage, header_size: 28, size: 2036 }
2026-04-23T14:37:13.358479Z  WARN apk_info_axml::axml: xml resource chunk header size is not 0x10: ResChunkHeader { type_: XmlEndNamespace, header_size: 28, size: 2100 }, skipped
2026-04-23T14:37:13.358492Z  WARN apk_info_axml::axml: skipped garbage attribute name: " >\n  </manifest>\n  android:name"
2026-04-23T14:37:13.358497Z  WARN apk_info_axml::axml: skipped garbage attribute name: " >\n  </uses-sdk>\n  android:name"
2026-04-23T14:37:13.358502Z  WARN apk_info_axml::axml: skipped garbage attribute name: " >\n  </supports-screens>\n  android:name"
2026-04-23T14:37:13.358505Z  WARN apk_info_axml::axml: skipped garbage attribute name: " >\n  </uses-feature>\n  android:name"
2026-04-23T14:37:13.358508Z  WARN apk_info_axml::axml: skipped garbage attribute name: " >\n  </uses-feature>\n  android:name"
2026-04-23T14:37:13.358510Z  WARN apk_info_axml::axml: skipped garbage attribute name: " >\n  </uses-feature>\n  android:name"
2026-04-23T14:37:13.358513Z  WARN apk_info_axml::axml: skipped garbage attribute name: " >\n  </uses-feature>\n  android:name"
2026-04-23T14:37:13.358515Z  WARN apk_info_axml::axml: skipped garbage attribute name: " >\n  </uses-feature>\n  android:name"
2026-04-23T14:37:13.358518Z  WARN apk_info_axml::axml: skipped garbage attribute name: " >\n  </uses-feature>\n  android:name"
2026-04-23T14:37:13.358520Z  WARN apk_info_axml::axml: skipped garbage attribute name: " >\n  </uses-feature>\n  android:name"
2026-04-23T14:37:13.358522Z  WARN apk_info_axml::axml: skipped garbage attribute name: " >\n  </uses-permission>\n  android:name"
2026-04-23T14:37:13.358525Z  WARN apk_info_axml::axml: skipped garbage attribute name: " >\n  </uses-permission>\n  android:name"
2026-04-23T14:37:13.358527Z  WARN apk_info_axml::axml: skipped garbage attribute name: " >\n  </uses-permission>\n  android:name"
2026-04-23T14:37:13.358530Z  WARN apk_info_axml::axml: skipped garbage attribute name: " >\n  </uses-permission>\n  android:name"
2026-04-23T14:37:13.358532Z  WARN apk_info_axml::axml: skipped garbage attribute name: " >\n  </uses-permission>\n  android:name"
2026-04-23T14:37:13.358534Z  WARN apk_info_axml::axml: skipped garbage attribute name: " >\n  </uses-permission>\n  android:name"
2026-04-23T14:37:13.358536Z  WARN apk_info_axml::axml: skipped garbage attribute name: " >\n  </uses-permission>\n  android:name"
2026-04-23T14:37:13.358539Z  WARN apk_info_axml::axml: skipped garbage attribute name: " >\n  </uses-permission>\n  android:name"
2026-04-23T14:37:13.358541Z  WARN apk_info_axml::axml: skipped garbage attribute name: " >\n  </uses-permission>\n  android:name"
2026-04-23T14:37:13.358543Z  WARN apk_info_axml::axml: skipped garbage attribute name: " >\n  </uses-permission>\n  android:name"
2026-04-23T14:37:13.358546Z  WARN apk_info_axml::axml: skipped garbage attribute name: " >\n  </uses-permission>\n  android:name"
2026-04-23T14:37:13.358548Z  WARN apk_info_axml::axml: skipped garbage attribute name: " >\n  </uses-permission>\n  android:name"
2026-04-23T14:37:13.358550Z  WARN apk_info_axml::axml: skipped garbage attribute name: " >\n  </uses-permission>\n  android:name"
2026-04-23T14:37:13.358552Z  WARN apk_info_axml::axml: skipped garbage attribute name: " >\n  </uses-permission>\n  android:name"
2026-04-23T14:37:13.358554Z  WARN apk_info_axml::axml: skipped garbage attribute name: " >\n  </uses-permission>\n  android:name"
2026-04-23T14:37:13.358557Z  WARN apk_info_axml::axml: skipped garbage attribute name: " >\n  </uses-permission>\n  android:name"
2026-04-23T14:37:13.358559Z  WARN apk_info_axml::axml: skipped garbage attribute name: " >\n  </uses-permission>\n  android:name"
2026-04-23T14:37:13.358561Z  WARN apk_info_axml::axml: skipped garbage attribute name: " >\n  </uses-permission>\n  android:name"
2026-04-23T14:37:13.358569Z  WARN apk_info_axml::axml: skipped garbage attribute name: " >\n  </uses-permission>\n  android:name"
2026-04-23T14:37:13.358577Z  WARN apk_info_axml::axml: skipped garbage attribute name: " >\n  </uses-permission>\n  android:name"
2026-04-23T14:37:13.358580Z  WARN apk_info_axml::axml: skipped garbage attribute name: " >\n  </uses-permission>\n  android:name"
2026-04-23T14:37:13.358582Z  WARN apk_info_axml::axml: skipped garbage attribute name: " >\n  </uses-permission>\n  android:name"
2026-04-23T14:37:13.358584Z  WARN apk_info_axml::axml: skipped garbage attribute name: " >\n  </uses-permission>\n  android:name"
2026-04-23T14:37:13.358586Z  WARN apk_info_axml::axml: skipped garbage attribute name: " >\n  </uses-permission>\n  android:name"
2026-04-23T14:37:13.358589Z  WARN apk_info_axml::axml: skipped garbage attribute name: " >\n  </uses-permission>\n  android:name"
2026-04-23T14:37:13.358591Z  WARN apk_info_axml::axml: skipped garbage attribute name: " >\n  </uses-permission>\n  android:name"
2026-04-23T14:37:13.358593Z  WARN apk_info_axml::axml: skipped garbage attribute name: " >\n  </uses-permission>\n  android:name"
2026-04-23T14:37:13.358595Z  WARN apk_info_axml::axml: skipped garbage attribute name: " >\n  </uses-permission>\n  android:name"
2026-04-23T14:37:13.358598Z  WARN apk_info_axml::axml: skipped garbage attribute name: " >\n  </uses-permission>\n  android:name"
2026-04-23T14:37:13.358600Z  WARN apk_info_axml::axml: skipped garbage attribute name: " >\n  </uses-permission>\n  android:name"
2026-04-23T14:37:13.358602Z  WARN apk_info_axml::axml: skipped garbage attribute name: " >\n  </uses-permission>\n  android:name"
2026-04-23T14:37:13.358604Z  WARN apk_info_axml::axml: skipped garbage attribute name: " >\n  </uses-permission>\n  android:name"
2026-04-23T14:37:13.358607Z  WARN apk_info_axml::axml: skipped garbage attribute name: " >\n  </uses-permission>\n  android:name"
2026-04-23T14:37:13.358609Z  WARN apk_info_axml::axml: skipped garbage attribute name: " >\n  </uses-permission>\n  android:name"
2026-04-23T14:37:13.358611Z  WARN apk_info_axml::axml: skipped garbage attribute name: " >\n  </uses-permission>\n  android:name"
2026-04-23T14:37:13.358613Z  WARN apk_info_axml::axml: skipped garbage attribute name: " >\n  </uses-permission>\n  android:name"
2026-04-23T14:37:13.358616Z  WARN apk_info_axml::axml: skipped garbage attribute name: " >\n  </uses-permission>\n  android:name"
2026-04-23T14:37:13.358618Z  WARN apk_info_axml::axml: skipped garbage attribute name: " >\n  </uses-permission>\n  android:name"
2026-04-23T14:37:13.358620Z  WARN apk_info_axml::axml: skipped garbage attribute name: " >\n  </uses-permission>\n  android:name"
2026-04-23T14:37:13.358622Z  WARN apk_info_axml::axml: skipped garbage attribute name: " >\n  </uses-permission>\n  android:name"
2026-04-23T14:37:13.358624Z  WARN apk_info_axml::axml: skipped garbage attribute name: " >\n  </uses-permission>\n  android:name"
2026-04-23T14:37:13.358627Z  WARN apk_info_axml::axml: skipped garbage attribute name: " >\n  </uses-permission>\n  android:name"
2026-04-23T14:37:13.358629Z  WARN apk_info_axml::axml: skipped garbage attribute name: " >\n  </uses-permission>\n  android:name"
2026-04-23T14:37:13.358631Z  WARN apk_info_axml::axml: skipped garbage attribute name: " >\n  </uses-permission>\n  android:name"
2026-04-23T14:37:13.358633Z  WARN apk_info_axml::axml: skipped garbage attribute name: " >\n  </uses-permission>\n  android:name"
2026-04-23T14:37:13.358635Z  WARN apk_info_axml::axml: skipped garbage attribute name: " >\n  </uses-permission>\n  android:name"
2026-04-23T14:37:13.358638Z  WARN apk_info_axml::axml: skipped garbage attribute name: " >\n  </uses-permission>\n  android:name"
2026-04-23T14:37:13.358640Z  WARN apk_info_axml::axml: skipped garbage attribute name: " >\n  </uses-permission>\n  android:name"
2026-04-23T14:37:13.358642Z  WARN apk_info_axml::axml: skipped garbage attribute name: " >\n  </uses-permission>\n  android:name"
2026-04-23T14:37:13.358644Z  WARN apk_info_axml::axml: skipped garbage attribute name: " >\n  </uses-permission>\n  android:name"
2026-04-23T14:37:13.358648Z  WARN apk_info_axml::axml: skipped garbage attribute name: " >\n  </uses-permission>\n  android:name"
2026-04-23T14:37:13.358651Z  WARN apk_info_axml::axml: skipped garbage attribute name: " >\n  </uses-permission>\n  android:name"
2026-04-23T14:37:13.358653Z  WARN apk_info_axml::axml: skipped garbage attribute name: " >\n  </uses-permission>\n  android:name"
2026-04-23T14:37:13.358656Z  WARN apk_info_axml::axml: skipped garbage attribute name: " >\n  </uses-permission>\n  android:name"
2026-04-23T14:37:13.358658Z  WARN apk_info_axml::axml: skipped garbage attribute name: " >\n  </uses-permission>\n  android:name"
2026-04-23T14:37:13.358660Z  WARN apk_info_axml::axml: skipped garbage attribute name: " >\n  </uses-permission>\n  android:name"
2026-04-23T14:37:13.358663Z  WARN apk_info_axml::axml: skipped garbage attribute name: " >\n  </uses-permission>\n  android:name"
2026-04-23T14:37:13.358665Z  WARN apk_info_axml::axml: skipped garbage attribute name: " >\n  </uses-permission>\n  android:name"
2026-04-23T14:37:13.358667Z  WARN apk_info_axml::axml: skipped garbage attribute name: " >\n  </uses-permission>\n  android:name"
2026-04-23T14:37:13.358671Z  WARN apk_info_axml::axml: skipped garbage attribute name: " >\n  </permission>\n  android:name"
2026-04-23T14:37:13.358673Z  WARN apk_info_axml::axml: skipped garbage attribute name: " >\n  </uses-permission>\n  android:name"
2026-04-23T14:37:13.358676Z  WARN apk_info_axml::axml: skipped garbage attribute name: " >\n  </uses-permission>\n  android:name"
2026-04-23T14:37:13.358678Z  WARN apk_info_axml::axml: skipped garbage attribute name: " >\n  </uses-permission>\n  android:name"
2026-04-23T14:37:13.358680Z  WARN apk_info_axml::axml: skipped garbage attribute name: " >\n  </uses-permission>\n  android:name"
2026-04-23T14:37:13.358683Z  WARN apk_info_axml::axml: skipped garbage attribute name: " >\n  </uses-permission>\n  android:name"
2026-04-23T14:37:13.358685Z  WARN apk_info_axml::axml: skipped garbage attribute name: " >\n  </uses-permission>\n  android:name"
2026-04-23T14:37:13.358687Z  WARN apk_info_axml::axml: skipped garbage attribute name: " >\n  </uses-permission>\n  android:name"
2026-04-23T14:37:13.358690Z  WARN apk_info_axml::axml: skipped garbage attribute name: " >\n  </uses-permission>\n  android:name"
2026-04-23T14:37:13.358692Z  WARN apk_info_axml::axml: skipped garbage attribute name: " >\n  </uses-permission>\n  android:name"
2026-04-23T14:37:13.358704Z  WARN apk_info_axml::axml: skipped garbage attribute name: " >\n  </application>\n  android:name"
2026-04-23T14:37:13.358708Z  WARN apk_info_axml::axml: skipped garbage attribute name: " >\n  </receiver>\n  android:name"
2026-04-23T14:37:13.358710Z  WARN apk_info_axml::axml: skipped garbage attribute name: " >\n  </intent-filter>\n  android:name"
2026-04-23T14:37:13.358713Z  WARN apk_info_axml::axml: skipped garbage attribute name: " >\n  </action>\n  android:name"
2026-04-23T14:37:13.358716Z  WARN apk_info_axml::axml: skipped garbage attribute name: " >\n  </activity>\n  android:name"
2026-04-23T14:37:13.358718Z  WARN apk_info_axml::axml: skipped garbage attribute name: " >\n  </intent-filter>\n  android:name"
2026-04-23T14:37:13.358720Z  WARN apk_info_axml::axml: skipped garbage attribute name: " >\n  </action>\n  android:name"
2026-04-23T14:37:13.358722Z  WARN apk_info_axml::axml: skipped garbage attribute name: " >\n  </data>\n  android:name"
2026-04-23T14:37:13.358725Z  WARN apk_info_axml::axml: skipped garbage attribute name: " >\n  </intent-filter>\n  android:name"
2026-04-23T14:37:13.358727Z  WARN apk_info_axml::axml: skipped garbage attribute name: " >\n  </action>\n  android:name"
2026-04-23T14:37:13.358729Z  WARN apk_info_axml::axml: skipped garbage attribute name: " >\n  </category>\n  android:name"
2026-04-23T14:37:13.358732Z  WARN apk_info_axml::axml: skipped garbage attribute name: " >\n  </activity>\n  android:name"
2026-04-23T14:37:13.358735Z  WARN apk_info_axml::axml: skipped garbage attribute name: " >\n  </service>\n  android:name"
2026-04-23T14:37:13.358739Z  WARN apk_info_axml::axml: skipped garbage attribute name: " >\n  </intent-filter>\n  android:name"
2026-04-23T14:37:13.358743Z  WARN apk_info_axml::axml: skipped garbage attribute name: " >\n  </action>\n  android:name"
2026-04-23T14:37:13.358746Z  WARN apk_info_axml::axml: skipped garbage attribute name: " >\n  </service>\n  android:name"
2026-04-23T14:37:13.358751Z  WARN apk_info_axml::axml: skipped garbage attribute name: " >\n  </activity>\n  android:name"
2026-04-23T14:37:13.358754Z  WARN apk_info_axml::axml: skipped garbage attribute name: " >\n  </activity>\n  android:name"
2026-04-23T14:37:13.358756Z  WARN apk_info_axml::axml: skipped garbage attribute name: " >\n  </activity>\n  android:name"
2026-04-23T14:37:13.358760Z  WARN apk_info_axml::axml: skipped garbage attribute name: " >\n  </activity>\n  android:name"
2026-04-23T14:37:13.358762Z  WARN apk_info_axml::axml: skipped garbage attribute name: " >\n  </intent-filter>\n  android:name"
2026-04-23T14:37:13.358764Z  WARN apk_info_axml::axml: skipped garbage attribute name: " >\n  </action>\n  android:name"
2026-04-23T14:37:13.358767Z  WARN apk_info_axml::axml: skipped garbage attribute name: " >\n  </category>\n  android:name"
2026-04-23T14:37:13.358769Z  WARN apk_info_axml::axml: skipped garbage attribute name: " >\n  </category>\n  android:name"
2026-04-23T14:37:13.358771Z  WARN apk_info_axml::axml: skipped garbage attribute name: " >\n  </intent-filter>\n  android:name"
2026-04-23T14:37:13.358773Z  WARN apk_info_axml::axml: skipped garbage attribute name: " >\n  </action>\n  android:name"
2026-04-23T14:37:13.358776Z  WARN apk_info_axml::axml: skipped garbage attribute name: " >\n  </category>\n  android:name"
2026-04-23T14:37:13.358779Z  WARN apk_info_axml::axml: skipped garbage attribute name: " >\n  </data>\n  android:name"
2026-04-23T14:37:13.358781Z  WARN apk_info_axml::axml: skipped garbage attribute name: " >\n  </intent-filter>\n  android:name"
2026-04-23T14:37:13.358783Z  WARN apk_info_axml::axml: skipped garbage attribute name: " >\n  </action>\n  android:name"
2026-04-23T14:37:13.358785Z  WARN apk_info_axml::axml: skipped garbage attribute name: " >\n  </category>\n  android:name"
2026-04-23T14:37:13.358788Z  WARN apk_info_axml::axml: skipped garbage attribute name: " >\n  </data>\n  android:name"
2026-04-23T14:37:13.358790Z  WARN apk_info_axml::axml: skipped garbage attribute name: " >\n  </intent-filter>\n  android:name"
2026-04-23T14:37:13.358792Z  WARN apk_info_axml::axml: skipped garbage attribute name: " >\n  </action>\n  android:name"
2026-04-23T14:37:13.358794Z  WARN apk_info_axml::axml: skipped garbage attribute name: " >\n  </category>\n  android:name"
2026-04-23T14:37:13.358797Z  WARN apk_info_axml::axml: skipped garbage attribute name: " >\n  </data>\n  android:name"
2026-04-23T14:37:13.358799Z  WARN apk_info_axml::axml: skipped garbage attribute name: " >\n  </intent-filter>\n  android:name"
2026-04-23T14:37:13.358801Z  WARN apk_info_axml::axml: skipped garbage attribute name: " >\n  </action>\n  android:name"
2026-04-23T14:37:13.358803Z  WARN apk_info_axml::axml: skipped garbage attribute name: " >\n  </category>\n  android:name"
2026-04-23T14:37:13.358806Z  WARN apk_info_axml::axml: skipped garbage attribute name: " >\n  </data>\n  android:name"
2026-04-23T14:37:13.358808Z  WARN apk_info_axml::axml: skipped garbage attribute name: " >\n  </intent-filter>\n  android:name"
2026-04-23T14:37:13.358810Z  WARN apk_info_axml::axml: skipped garbage attribute name: " >\n  </action>\n  android:name"
2026-04-23T14:37:13.358812Z  WARN apk_info_axml::axml: skipped garbage attribute name: " >\n  </category>\n  android:name"
2026-04-23T14:37:13.358814Z  WARN apk_info_axml::axml: skipped garbage attribute name: " >\n  </data>\n  android:name"
2026-04-23T14:37:13.358817Z  WARN apk_info_axml::axml: skipped garbage attribute name: " >\n  </intent-filter>\n  android:name"
2026-04-23T14:37:13.358819Z  WARN apk_info_axml::axml: skipped garbage attribute name: " >\n  </action>\n  android:name"
2026-04-23T14:37:13.358823Z  WARN apk_info_axml::axml: skipped garbage attribute name: " >\n  </category>\n  android:name"
2026-04-23T14:37:13.358826Z  WARN apk_info_axml::axml: skipped garbage attribute name: " >\n  </data>\n  android:name"
2026-04-23T14:37:13.358828Z  WARN apk_info_axml::axml: skipped garbage attribute name: " >\n  </intent-filter>\n  android:name"
2026-04-23T14:37:13.358830Z  WARN apk_info_axml::axml: skipped garbage attribute name: " >\n  </action>\n  android:name"
2026-04-23T14:37:13.358832Z  WARN apk_info_axml::axml: skipped garbage attribute name: " >\n  </category>\n  android:name"
2026-04-23T14:37:13.358835Z  WARN apk_info_axml::axml: skipped garbage attribute name: " >\n  </data>\n  android:name"
2026-04-23T14:37:13.358837Z  WARN apk_info_axml::axml: skipped garbage attribute name: " >\n  </intent-filter>\n  android:name"
2026-04-23T14:37:13.358839Z  WARN apk_info_axml::axml: skipped garbage attribute name: " >\n  </action>\n  android:name"
2026-04-23T14:37:13.358841Z  WARN apk_info_axml::axml: skipped garbage attribute name: " >\n  </category>\n  android:name"
2026-04-23T14:37:13.358844Z  WARN apk_info_axml::axml: skipped garbage attribute name: " >\n  </category>\n  android:name"
2026-04-23T14:37:13.358846Z  WARN apk_info_axml::axml: skipped garbage attribute name: " >\n  </data>\n  android:name"
2026-04-23T14:37:13.358849Z  WARN apk_info_axml::axml: skipped garbage attribute name: " >\n  </data>\n  android:name"
2026-04-23T14:37:13.358852Z  WARN apk_info_axml::axml: skipped garbage attribute name: " >\n  </intent-filter>\n  android:name"
2026-04-23T14:37:13.358855Z  WARN apk_info_axml::axml: skipped garbage attribute name: " >\n  </action>\n  android:name"
2026-04-23T14:37:13.358858Z  WARN apk_info_axml::axml: skipped garbage attribute name: " >\n  </category>\n  android:name"
2026-04-23T14:37:13.358860Z  WARN apk_info_axml::axml: skipped garbage attribute name: " >\n  </category>\n  android:name"
2026-04-23T14:37:13.358862Z  WARN apk_info_axml::axml: skipped garbage attribute name: " >\n  </data>\n  android:name"
2026-04-23T14:37:13.358864Z  WARN apk_info_axml::axml: skipped garbage attribute name: " >\n  </intent-filter>\n  android:name"
2026-04-23T14:37:13.358866Z  WARN apk_info_axml::axml: skipped garbage attribute name: " >\n  </action>\n  android:name"
2026-04-23T14:37:13.358869Z  WARN apk_info_axml::axml: skipped garbage attribute name: " >\n  </category>\n  android:name"
2026-04-23T14:37:13.358871Z  WARN apk_info_axml::axml: skipped garbage attribute name: " >\n  </category>\n  android:name"
2026-04-23T14:37:13.358873Z  WARN apk_info_axml::axml: skipped garbage attribute name: " >\n  </data>\n  android:name"
2026-04-23T14:37:13.358876Z  WARN apk_info_axml::axml: skipped garbage attribute name: " >\n  </meta-data>\n  android:name"
2026-04-23T14:37:13.358880Z  WARN apk_info_axml::axml: skipped garbage attribute name: " >\n  </activity>\n  android:name"
2026-04-23T14:37:13.358884Z  WARN apk_info_axml::axml: skipped garbage attribute name: " >\n  </activity>\n  android:name"
2026-04-23T14:37:13.358887Z  WARN apk_info_axml::axml: skipped garbage attribute name: " >\n  </intent-filter>\n  android:name"
2026-04-23T14:37:13.358890Z  WARN apk_info_axml::axml: skipped garbage attribute name: " >\n  </action>\n  android:name"
2026-04-23T14:37:13.358892Z  WARN apk_info_axml::axml: skipped garbage attribute name: " >\n  </category>\n  android:name"
2026-04-23T14:37:13.358894Z  WARN apk_info_axml::axml: skipped garbage attribute name: " >\n  </category>\n  android:name"
2026-04-23T14:37:13.358897Z  WARN apk_info_axml::axml: skipped garbage attribute name: " >\n  </data>\n  android:name"
2026-04-23T14:37:13.358900Z  WARN apk_info_axml::axml: skipped garbage attribute name: " >\n  </activity>\n  android:name"
2026-04-23T14:37:13.358902Z  WARN apk_info_axml::axml: skipped garbage attribute name: " >\n  </intent-filter>\n  android:name"
2026-04-23T14:37:13.358905Z  WARN apk_info_axml::axml: skipped garbage attribute name: " >\n  </action>\n  android:name"
2026-04-23T14:37:13.358907Z  WARN apk_info_axml::axml: skipped garbage attribute name: " >\n  </category>\n  android:name"
2026-04-23T14:37:13.358911Z  WARN apk_info_axml::axml: skipped garbage attribute name: " >\n  </activity>\n  android:name"
2026-04-23T14:37:13.358914Z  WARN apk_info_axml::axml: skipped garbage attribute name: " >\n  </activity>\n  android:name"
2026-04-23T14:37:13.358918Z  WARN apk_info_axml::axml: skipped garbage attribute name: " >\n  </activity>\n  android:name"
2026-04-23T14:37:13.358920Z  WARN apk_info_axml::axml: skipped garbage attribute name: " >\n  </intent-filter>\n  android:name"
2026-04-23T14:37:13.358923Z  WARN apk_info_axml::axml: skipped garbage attribute name: " >\n  </action>\n  android:name"
2026-04-23T14:37:13.358925Z  WARN apk_info_axml::axml: skipped garbage attribute name: " >\n  </category>\n  android:name"
2026-04-23T14:37:13.358927Z  WARN apk_info_axml::axml: skipped garbage attribute name: " >\n  </category>\n  android:name"
2026-04-23T14:37:13.358930Z  WARN apk_info_axml::axml: skipped garbage attribute name: " >\n  </data>\n  android:name"
2026-04-23T14:37:13.358934Z  WARN apk_info_axml::axml: skipped garbage attribute name: " >\n  </activity>\n  android:name"
2026-04-23T14:37:13.358936Z  WARN apk_info_axml::axml: skipped garbage attribute name: " >\n  </intent-filter>\n  android:name"
2026-04-23T14:37:13.358938Z  WARN apk_info_axml::axml: skipped garbage attribute name: " >\n  </action>\n  android:name"
2026-04-23T14:37:13.358944Z  WARN apk_info_axml::axml: skipped garbage attribute name: " >\n  </activity>\n  android:name"
2026-04-23T14:37:13.358948Z  WARN apk_info_axml::axml: skipped garbage attribute name: " >\n  </activity>\n  android:name"
2026-04-23T14:37:13.358951Z  WARN apk_info_axml::axml: skipped garbage attribute name: " >\n  </activity>\n  android:name"
2026-04-23T14:37:13.358954Z  WARN apk_info_axml::axml: skipped garbage attribute name: " >\n  </activity>\n  android:name"
2026-04-23T14:37:13.358957Z  WARN apk_info_axml::axml: skipped garbage attribute name: " >\n  </receiver>\n  android:name"
2026-04-23T14:37:13.358959Z  WARN apk_info_axml::axml: skipped garbage attribute name: " >\n  </intent-filter>\n  android:name"
2026-04-23T14:37:13.358961Z  WARN apk_info_axml::axml: skipped garbage attribute name: " >\n  </action>\n  android:name"
2026-04-23T14:37:13.358964Z  WARN apk_info_axml::axml: skipped garbage attribute name: " >\n  </receiver>\n  android:name"
2026-04-23T14:37:13.358966Z  WARN apk_info_axml::axml: skipped garbage attribute name: " >\n  </intent-filter>\n  android:name"
2026-04-23T14:37:13.358968Z  WARN apk_info_axml::axml: skipped garbage attribute name: " >\n  </action>\n  android:name"
2026-04-23T14:37:13.358971Z  WARN apk_info_axml::axml: skipped garbage attribute name: " >\n  </service>\n  android:name"
2026-04-23T14:37:13.358973Z  WARN apk_info_axml::axml: skipped garbage attribute name: " >\n  </intent-filter>\n  android:name"
2026-04-23T14:37:13.358975Z  WARN apk_info_axml::axml: skipped garbage attribute name: " >\n  </action>\n  android:name"
2026-04-23T14:37:13.358978Z  WARN apk_info_axml::axml: skipped garbage attribute name: " >\n  </meta-data>\n  android:name"
2026-04-23T14:37:13.358981Z  WARN apk_info_axml::axml: skipped garbage attribute name: " >\n  </service>\n  android:name"
2026-04-23T14:37:13.358983Z  WARN apk_info_axml::axml: skipped garbage attribute name: " >\n  </intent-filter>\n  android:name"
2026-04-23T14:37:13.358985Z  WARN apk_info_axml::axml: skipped garbage attribute name: " >\n  </action>\n  android:name"
2026-04-23T14:37:13.358989Z  WARN apk_info_axml::axml: skipped garbage attribute name: " >\n  </meta-data>\n  android:name"
2026-04-23T14:37:13.358992Z  WARN apk_info_axml::axml: skipped garbage attribute name: " >\n  </meta-data>\n  android:name"
2026-04-23T14:37:13.358995Z  WARN apk_info_axml::axml: skipped garbage attribute name: " >\n  </service>\n  android:name"
2026-04-23T14:37:13.358997Z  WARN apk_info_axml::axml: skipped garbage attribute name: " >\n  </intent-filter>\n  android:name"
2026-04-23T14:37:13.359000Z  WARN apk_info_axml::axml: skipped garbage attribute name: " >\n  </action>\n  android:name"
2026-04-23T14:37:13.359004Z  WARN apk_info_axml::axml: skipped garbage attribute name: " >\n  </service>\n  android:name"
2026-04-23T14:37:13.359007Z  WARN apk_info_axml::axml: skipped garbage attribute name: " >\n  </service>\n  android:name"
2026-04-23T14:37:13.359009Z  WARN apk_info_axml::axml: skipped garbage attribute name: " >\n  </service>\n  android:name"
2026-04-23T14:37:13.359011Z  WARN apk_info_axml::axml: skipped garbage attribute name: " >\n  </service>\n  android:name"
2026-04-23T14:37:13.359014Z  WARN apk_info_axml::axml: skipped garbage attribute name: " >\n  </service>\n  android:name"
2026-04-23T14:37:13.359016Z  WARN apk_info_axml::axml: skipped garbage attribute name: " >\n  </service>\n  android:name"
2026-04-23T14:37:13.359018Z  WARN apk_info_axml::axml: skipped garbage attribute name: " >\n  </service>\n  android:name"
2026-04-23T14:37:13.359021Z  WARN apk_info_axml::axml: skipped garbage attribute name: " >\n  </service>\n  android:name"
2026-04-23T14:37:13.359024Z  WARN apk_info_axml::axml: skipped garbage attribute name: " >\n  </service>\n  android:name"
2026-04-23T14:37:13.359026Z  WARN apk_info_axml::axml: skipped garbage attribute name: " >\n  </intent-filter>\n  android:name"
2026-04-23T14:37:13.359028Z  WARN apk_info_axml::axml: skipped garbage attribute name: " >\n  </action>\n  android:name"
2026-04-23T14:37:13.359031Z  WARN apk_info_axml::axml: skipped garbage attribute name: " >\n  </service>\n  android:name"
2026-04-23T14:37:13.359033Z  WARN apk_info_axml::axml: skipped garbage attribute name: " >\n  </intent-filter>\n  android:name"
2026-04-23T14:37:13.359035Z  WARN apk_info_axml::axml: skipped garbage attribute name: " >\n  </action>\n  android:name"
2026-04-23T14:37:13.359038Z  WARN apk_info_axml::axml: skipped garbage attribute name: " >\n  </action>\n  android:name"
2026-04-23T14:37:13.359040Z  WARN apk_info_axml::axml: skipped garbage attribute name: " >\n  </action>\n  android:name"
2026-04-23T14:37:13.359042Z  WARN apk_info_axml::axml: skipped garbage attribute name: " >\n  </action>\n  android:name"
2026-04-23T14:37:13.359045Z  WARN apk_info_axml::axml: skipped garbage attribute name: " >\n  </data>\n  android:name"
2026-04-23T14:37:13.359047Z  WARN apk_info_axml::axml: skipped garbage attribute name: " >\n  </service>\n  android:name"
2026-04-23T14:37:13.359050Z  WARN apk_info_axml::axml: skipped garbage attribute name: " >\n  </intent-filter>\n  android:name"
2026-04-23T14:37:13.359052Z  WARN apk_info_axml::axml: skipped garbage attribute name: " >\n  </action>\n  android:name"
2026-04-23T14:37:13.359055Z  WARN apk_info_axml::axml: skipped garbage attribute name: " >\n  </service>\n  android:name"
2026-04-23T14:37:13.359057Z  WARN apk_info_axml::axml: skipped garbage attribute name: " >\n  </receiver>\n  android:name"
2026-04-23T14:37:13.359059Z  WARN apk_info_axml::axml: skipped garbage attribute name: " >\n  </intent-filter>\n  android:name"
2026-04-23T14:37:13.359061Z  WARN apk_info_axml::axml: skipped garbage attribute name: " >\n  </action>\n  android:name"
2026-04-23T14:37:13.359064Z  WARN apk_info_axml::axml: skipped garbage attribute name: " >\n  </action>\n  android:name"
2026-04-23T14:37:13.359066Z  WARN apk_info_axml::axml: skipped garbage attribute name: " >\n  </action>\n  android:name"
2026-04-23T14:37:13.359068Z  WARN apk_info_axml::axml: skipped garbage attribute name: " >\n  </action>\n  android:name"
2026-04-23T14:37:13.359070Z  WARN apk_info_axml::axml: skipped garbage attribute name: " >\n  </action>\n  android:name"
2026-04-23T14:37:13.359073Z  WARN apk_info_axml::axml: skipped garbage attribute name: " >\n  </action>\n  android:name"
2026-04-23T14:37:13.359075Z  WARN apk_info_axml::axml: skipped garbage attribute name: " >\n  </action>\n  android:name"
2026-04-23T14:37:13.359077Z  WARN apk_info_axml::axml: skipped garbage attribute name: " >\n  </receiver>\n  android:name"
2026-04-23T14:37:13.359080Z  WARN apk_info_axml::axml: skipped garbage attribute name: " >\n  </intent-filter>\n  android:name"
2026-04-23T14:37:13.359083Z  WARN apk_info_axml::axml: skipped garbage attribute name: " >\n  </action>\n  android:name"
2026-04-23T14:37:13.359086Z  WARN apk_info_axml::axml: skipped garbage attribute name: " >\n  </receiver>\n  android:name"
2026-04-23T14:37:13.359089Z  WARN apk_info_axml::axml: skipped garbage attribute name: " >\n  </intent-filter>\n  android:name"
2026-04-23T14:37:13.359091Z  WARN apk_info_axml::axml: skipped garbage attribute name: " >\n  </action>\n  android:name"
2026-04-23T14:37:13.359093Z  WARN apk_info_axml::axml: skipped garbage attribute name: " >\n  </action>\n  android:name"
2026-04-23T14:37:13.359096Z  WARN apk_info_axml::axml: skipped garbage attribute name: " >\n  </receiver>\n  android:name"
2026-04-23T14:37:13.359098Z  WARN apk_info_axml::axml: skipped garbage attribute name: " >\n  </intent-filter>\n  android:name"
2026-04-23T14:37:13.359100Z  WARN apk_info_axml::axml: skipped garbage attribute name: " >\n  </action>\n  android:name"
2026-04-23T14:37:13.359103Z  WARN apk_info_axml::axml: skipped garbage attribute name: " >\n  </receiver>\n  android:name"
2026-04-23T14:37:13.359105Z  WARN apk_info_axml::axml: skipped garbage attribute name: " >\n  </receiver>\n  android:name"
2026-04-23T14:37:13.359107Z  WARN apk_info_axml::axml: skipped garbage attribute name: " >\n  </receiver>\n  android:name"
2026-04-23T14:37:13.359110Z  WARN apk_info_axml::axml: skipped garbage attribute name: " >\n  </receiver>\n  android:name"
2026-04-23T14:37:13.359112Z  WARN apk_info_axml::axml: skipped garbage attribute name: " >\n  </receiver>\n  android:name"
2026-04-23T14:37:13.359115Z  WARN apk_info_axml::axml: skipped garbage attribute name: " >\n  </receiver>\n  android:name"
2026-04-23T14:37:13.359117Z  WARN apk_info_axml::axml: skipped garbage attribute name: " >\n  </receiver>\n  android:name"
2026-04-23T14:37:13.359120Z  WARN apk_info_axml::axml: skipped garbage attribute name: " >\n  </receiver>\n  android:name"
2026-04-23T14:37:13.359123Z  WARN apk_info_axml::axml: skipped garbage attribute name: " >\n  </provider>\n  android:name"
2026-04-23T14:37:13.359125Z  WARN apk_info_axml::axml: skipped garbage attribute name: " >\n  </meta-data>\n  android:name"
2026-04-23T14:37:13.359128Z  WARN apk_info_axml::axml: skipped garbage attribute name: " >\n  </provider>\n  android:name"
2026-04-23T14:37:13.359131Z  WARN apk_info_axml::axml: skipped garbage attribute name: " >\n  </provider>\n  android:name"
2026-04-23T14:37:13.359133Z  WARN apk_info_axml::axml: skipped garbage attribute name: " >\n  </uses-library>\n  android:name"
2026-04-23T14:37:13.359136Z  WARN apk_info_axml::axml: skipped garbage attribute name: " >\n  </uses-library>\n  android:name"
2026-04-23T14:37:13.359138Z  WARN apk_info_axml::axml: skipped garbage attribute name: " >\n  </meta-data>\n  android:name"
2026-04-23T14:37:13.359141Z  WARN apk_info_axml::axml: skipped garbage attribute name: " >\n  </meta-data>\n  android:name"
2026-04-23T14:37:13.359143Z  WARN apk_info_axml::axml: skipped garbage attribute name: " >\n  </meta-data>\n  android:name"
2026-04-23T14:37:13.359146Z  WARN apk_info_axml::axml: skipped garbage attribute name: " >\n  </meta-data>\n  android:name"
2026-04-23T14:37:13.359148Z  WARN apk_info_axml::axml: skipped garbage attribute name: " >\n  </meta-data>\n  android:name"
2026-04-23T14:37:13.359151Z  WARN apk_info_axml::axml: skipped garbage attribute name: " >\n  </meta-data>\n  android:name"
2026-04-23T14:37:13.359154Z  WARN apk_info_axml::axml: skipped garbage attribute name: " >\n  </meta-data>\n  android:name"
2026-04-23T14:37:13.359157Z  WARN apk_info_axml::axml: skipped garbage attribute name: " >\n  </meta-data>\n  android:name"
2026-04-23T14:37:13.359160Z  WARN apk_info_axml::axml: skipped garbage attribute name: " >\n  </meta-data>\n  android:name"
2026-04-23T14:37:13.359163Z  WARN apk_info_axml::axml: skipped garbage attribute name: " >\n  </service>\n  android:name"
2026-04-23T14:37:13.359165Z  WARN apk_info_axml::axml: skipped garbage attribute name: " >\n  </service>\n  android:name"
2026-04-23T14:37:13.359169Z  WARN apk_info_axml::axml: skipped garbage attribute name: " >\n  </meta-data>\n  android:name"
2026-04-23T14:37:13.359174Z  WARN apk_info_axml::axml: skipped garbage attribute name: " >\n  </activity>\n  android:name"
2026-04-23T14:37:13.359177Z  WARN apk_info_axml::axml: skipped garbage attribute name: " >\n  </service>\n  android:name"
2026-04-23T14:37:13.359180Z  WARN apk_info_axml::axml: skipped garbage attribute name: " >\n  </service>\n  android:name"
2026-04-23T14:37:13.359183Z  WARN apk_info_axml::axml: skipped garbage attribute name: " >\n  </service>\n  android:name"
2026-04-23T14:37:13.359185Z  WARN apk_info_axml::axml: skipped garbage attribute name: " >\n  </receiver>\n  android:name"
2026-04-23T14:37:13.359187Z  WARN apk_info_axml::axml: skipped garbage attribute name: " >\n  </intent-filter>\n  android:name"
2026-04-23T14:37:13.359190Z  WARN apk_info_axml::axml: skipped garbage attribute name: " >\n  </action>\n  android:name"
2026-04-23T14:37:13.359192Z  WARN apk_info_axml::axml: skipped garbage attribute name: " >\n  </action>\n  android:name"
2026-04-23T14:37:13.359194Z  WARN apk_info_axml::axml: skipped garbage attribute name: " >\n  </action>\n  android:name"
2026-04-23T14:37:13.359197Z  WARN apk_info_axml::axml: skipped garbage attribute name: " >\n  </action>\n  android:name"
2026-04-23T14:37:13.359199Z  WARN apk_info_axml::axml: skipped garbage attribute name: " >\n  </action>\n  android:name"
2026-04-23T14:37:13.359201Z  WARN apk_info_axml::axml: skipped garbage attribute name: " >\n  </action>\n  android:name"
2026-04-23T14:37:13.359204Z  WARN apk_info_axml::axml: skipped garbage attribute name: " >\n  </category>\n  android:name"
2026-04-23T14:37:13.359206Z  WARN apk_info_axml::axml: skipped garbage attribute name: " >\n  </intent-filter>\n  android:name"
2026-04-23T14:37:13.359208Z  WARN apk_info_axml::axml: skipped garbage attribute name: " >\n  </action>\n  android:name"
2026-04-23T14:37:13.359210Z  WARN apk_info_axml::axml: skipped garbage attribute name: " >\n  </action>\n  android:name"
2026-04-23T14:37:13.359213Z  WARN apk_info_axml::axml: skipped garbage attribute name: " >\n  </data>\n  android:name"
2026-04-23T14:37:13.359216Z  WARN apk_info_axml::axml: skipped garbage attribute name: " >\n  </receiver>\n  android:name"
2026-04-23T14:37:13.359218Z  WARN apk_info_axml::axml: skipped garbage attribute name: " >\n  </intent-filter>\n  android:name"
2026-04-23T14:37:13.359220Z  WARN apk_info_axml::axml: skipped garbage attribute name: " >\n  </action>\n  android:name"
2026-04-23T14:37:13.359222Z  WARN apk_info_axml::axml: skipped garbage attribute name: " >\n  </action>\n  android:name"
2026-04-23T14:37:13.359224Z  WARN apk_info_axml::axml: skipped garbage attribute name: " >\n  </action>\n  android:name"
2026-04-23T14:37:13.359227Z  WARN apk_info_axml::axml: skipped garbage attribute name: " >\n  </category>\n  android:name"
2026-04-23T14:37:13.359229Z  WARN apk_info_axml::axml: skipped garbage attribute name: " >\n  </meta-data>\n  android:name"
2026-04-23T14:37:13.359232Z  WARN apk_info_axml::axml: skipped garbage attribute name: " >\n  </meta-data>\n  android:name"
2026-04-23T14:37:13.359235Z  WARN apk_info_axml::axml: skipped garbage attribute name: " >\n  </activity>\n  android:name"
2026-04-23T14:37:13.359238Z  WARN apk_info_axml::axml: skipped garbage attribute name: " >\n  </service>\n  android:name"
2026-04-23T14:37:13.359242Z  WARN apk_info_axml::axml: skipped garbage attribute name: " >\n  </activity>\n  android:name"
2026-04-23T14:37:13.359245Z  WARN apk_info_axml::axml: skipped garbage attribute name: " >\n  </provider>\n  android:name"
2026-04-23T14:37:13.359248Z  WARN apk_info_axml::axml: skipped garbage attribute name: " >\n  </meta-data>\n  android:name"
2026-04-23T14:37:13.359250Z  WARN apk_info_axml::axml: skipped garbage attribute name: " >\n  </service>\n  android:name"
2026-04-23T14:37:13.359253Z  WARN apk_info_axml::axml: skipped garbage attribute name: " >\n  </intent-filter>\n  android:name"
2026-04-23T14:37:13.359255Z  WARN apk_info_axml::axml: skipped garbage attribute name: " >\n  </action>\n  android:name"
2026-04-23T14:37:13.359259Z  WARN apk_info_axml::axml: skipped garbage attribute name: " >\n  </service>\n  android:name"
2026-04-23T14:37:13.359262Z  WARN apk_info_axml::axml: skipped garbage attribute name: " >\n  </intent-filter>\n  android:name"
2026-04-23T14:37:13.359264Z  WARN apk_info_axml::axml: skipped garbage attribute name: " >\n  </action>\n  android:name"
2026-04-23T14:37:13.359267Z  WARN apk_info_axml::axml: skipped garbage attribute name: " >\n  </service>\n  android:name"
2026-04-23T14:37:13.359270Z  WARN apk_info_axml::axml: skipped garbage attribute name: " >\n  </meta-data>\n  android:name"
2026-04-23T14:37:13.359272Z  WARN apk_info_axml::axml: skipped garbage attribute name: " >\n  </meta-data>\n  android:name"
2026-04-23T14:37:13.359275Z  WARN apk_info_axml::axml: skipped garbage attribute name: " >\n  </meta-data>\n  android:name"
2026-04-23T14:37:13.359277Z  WARN apk_info_axml::axml: skipped garbage attribute name: " >\n  </meta-data>\n  android:name"
2026-04-23T14:37:13.359279Z  WARN apk_info_axml::axml: skipped garbage attribute name: " >\n  </meta-data>\n  android:name"
2026-04-23T14:37:13.359282Z  WARN apk_info_axml::axml: skipped garbage attribute name: " >\n  </service>\n  android:name"
2026-04-23T14:37:13.359285Z  WARN apk_info_axml::axml: skipped garbage attribute name: " >\n  </activity>\n  android:name"
2026-04-23T14:37:13.359289Z  WARN apk_info_axml::axml: skipped garbage attribute name: " >\n  </activity>\n  android:name"
2026-04-23T14:37:13.359291Z  WARN apk_info_axml::axml: skipped garbage attribute name: " >\n  </receiver>\n  android:name"
2026-04-23T14:37:13.359293Z  WARN apk_info_axml::axml: skipped garbage attribute name: " >\n  </intent-filter>\n  android:name"
2026-04-23T14:37:13.359296Z  WARN apk_info_axml::axml: skipped garbage attribute name: " >\n  </action>\n  android:name"
2026-04-23T14:37:13.359299Z  WARN apk_info_axml::axml: skipped garbage attribute name: " >\n  </activity>\n  android:name"
2026-04-23T14:37:13.359302Z  WARN apk_info_axml::axml: skipped garbage attribute name: " >\n  </service>\n  android:name"
2026-04-23T14:37:13.359305Z  WARN apk_info_axml::axml: skipped garbage attribute name: " >\n  </provider>\n  android:name"
2026-04-23T14:37:13.359308Z  WARN apk_info_axml::axml: skipped garbage attribute name: " >\n  </activity>\n  android:name"
2026-04-23T14:37:13.359310Z  WARN apk_info_axml::axml: skipped garbage attribute name: " >\n  </meta-data>\n  android:name"
2026-04-23T14:37:13.359313Z  WARN apk_info_axml::axml: skipped garbage attribute name: " >\n  </provider>\n  android:name"
2026-04-23T14:37:13.359316Z  WARN apk_info_axml::axml: skipped garbage attribute name: " >\n  </meta-data>\n  android:name"
2026-04-23T14:37:13.359320Z  WARN apk_info_axml::axml: skipped garbage attribute name: " >\n  </activity>\n  android:name"
2026-04-23T14:37:13.359323Z  WARN apk_info_axml::axml: skipped garbage attribute name: " >\n  </service>\n  android:name"
2026-04-23T14:37:13.359325Z  WARN apk_info_axml::axml: skipped garbage attribute name: " >\n  </meta-data>\n  android:name"
2026-04-23T14:37:13.359328Z  WARN apk_info_axml::axml: skipped garbage attribute name: " >\n  </service>\n  android:name"
2026-04-23T14:37:13.359330Z  WARN apk_info_axml::axml: skipped garbage attribute name: " >\n  </receiver>\n  android:name"
