INFO  Using log config file: jar:file:/home/vr2050/RUST/rscan_codex/third_party/ghidra_core_headless_x86_min/Ghidra/Framework/Generic/lib/Generic.jar!/generic.log4j.xml (LoggingInitialization)  
INFO  Using log file: /home/vr2050/.config/ghidra/ghidra_12.1_DEV/application.log (LoggingInitialization)  
INFO  Loading user preferences: /home/vr2050/.config/ghidra/ghidra_12.1_DEV/preferences (Preferences)  
INFO  Loading previous preferences: /home/vr2050/.config/ghidra/ghidra_12.0.2_DEV/preferences (Preferences)  
INFO  Searching for classes... (ClassSearcher)  
INFO  Class search complete (311 ms) (ClassSearcher)  
INFO  Initializing SSL Context (DefaultSSLContextInitializer)  
INFO  Initializing Random Number Generator... (SecureRandomFactory)  
INFO  Random Number Generator initialization complete: NativePRNGNonBlocking (SecureRandomFactory)  
INFO  Trust manager disabled, cacerts have not been set (DefaultTrustManagerFactory)  
INFO  Headless startup complete (1124 ms) (AnalyzeHeadless)  
INFO  Class searcher loaded 9 extension points (4 false positives) (ClassSearcher)  
INFO  HEADLESS Script Paths:
    /home/vr2050/RUST/rscan_codex/third_party/ghidra_core_headless_x86_min/Ghidra/Features/GnuDemangler/ghidra_scripts
    /home/vr2050/RUST/rscan_codex/third_party/ghidra_core_headless_x86_min/Ghidra/Features/Decompiler/ghidra_scripts
    /home/vr2050/RUST/rscan_codex/third_party/ghidra_core_headless_x86_min/Ghidra/Features/Base/ghidra_scripts
    /home/vr2050/RUST/rscan_codex/projects/easy/reverse_out/job-189e990a10f10005
    /home/vr2050/RUST/rscan_codex/third_party/ghidra_core_headless_x86_min/Ghidra/Features/BytePatterns/ghidra_scripts (HeadlessAnalyzer)  
INFO  HEADLESS: execution starts (HeadlessAnalyzer)  
INFO  Opening existing project: /home/vr2050/RUST/rscan_codex/projects/easy/reverse_out/ghidra_cache/rscan_f3b5360f13a20440abab964bcf14832cacfe8acfae970e79421d750c94c01238 (HeadlessAnalyzer)  
WARN  Tool supported content class not found: ghidra.feature.vt.api.main.VTSession (GhidraToolTemplate)  
INFO  Opening project: /home/vr2050/RUST/rscan_codex/projects/easy/reverse_out/ghidra_cache/rscan_f3b5360f13a20440abab964bcf14832cacfe8acfae970e79421d750c94c01238 (HeadlessProject)  
INFO  REPORT: Processing project file: /easy (HeadlessAnalyzer)  
INFO  ANALYZING all memory and code: /easy (HeadlessAnalyzer)  
INFO  DWARF already imported, skipping. (DWARFAnalyzer)  
INFO  Packed database cache: /home/vr2050/.cache/ghidra/packed-db-cache (PackedDatabaseCache)  
INFO  Applied data type archive: generic_clib_64 (ApplyDataArchiveAnalyzer)  
INFO  Resolving External Symbols of [/easy] - 11 unresolved symbols, no external libraries configured - skipping (ExternalSymbolResolverAnalyzer)  
INFO  REPORT: Analysis succeeded for file: /easy (HeadlessAnalyzer)  
INFO  REPORT: Execute script: /home/vr2050/RUST/rscan_codex/projects/easy/reverse_out/job-189e990a10f10005/ghidra_export_pseudocode.java '/home/vr2050/RUST/rscan_codex/projects/easy/reverse_out/job-189e990a10f10005/pseudocode.jsonl'  (HeadlessAnalyzer)  
INFO  SCRIPT: /home/vr2050/RUST/rscan_codex/projects/easy/reverse_out/job-189e990a10f10005/ghidra_export_pseudocode.java (HeadlessAnalyzer)  
WARN  Decompiling 00105000, pcode error at 00105000: Unable to disassemble EXTERNAL block location: 00105000 (DecompileCallback)  
WARN  Decompiling 00105008, pcode error at 00105008: Unable to disassemble EXTERNAL block location: 00105008 (DecompileCallback)  
WARN  Decompiling 00105010, pcode error at 00105010: Unable to disassemble EXTERNAL block location: 00105010 (DecompileCallback)  
WARN  Decompiling 00105018, pcode error at 00105018: Unable to disassemble EXTERNAL block location: 00105018 (DecompileCallback)  
WARN  Decompiling 00105020, pcode error at 00105020: Unable to disassemble EXTERNAL block location: 00105020 (DecompileCallback)  
WARN  Decompiling 00105028, pcode error at 00105028: Unable to disassemble EXTERNAL block location: 00105028 (DecompileCallback)  
WARN  Decompiling 00105030, pcode error at 00105030: Unable to disassemble EXTERNAL block location: 00105030 (DecompileCallback)  
WARN  Decompiling 00105038, pcode error at 00105038: Unable to disassemble EXTERNAL block location: 00105038 (DecompileCallback)  
WARN  Decompiling 00105040, pcode error at 00105040: Unable to disassemble EXTERNAL block location: 00105040 (DecompileCallback)  
WARN  Decompiling 00105048, pcode error at 00105048: Unable to disassemble EXTERNAL block location: 00105048 (DecompileCallback)  
WARN  Decompiling 00105050, pcode error at 00105050: Unable to disassemble EXTERNAL block location: 00105050 (DecompileCallback)  
INFO  ghidra_export_pseudocode.java> [rscan] ghidra pseudocode exported: /home/vr2050/RUST/rscan_codex/projects/easy/reverse_out/job-189e990a10f10005/pseudocode.jsonl (GhidraScript)  
INFO  ANALYZING changes made by post scripts: /easy (HeadlessAnalyzer)  
INFO  REPORT: Post-analysis succeeded for file: /easy (HeadlessAnalyzer)  
INFO  REPORT: Save succeeded for processed file: /easy (HeadlessAnalyzer)  
