INFO  Using log config file: jar:file:/home/vr2050/RUST/rscan_codex/third_party/ghidra_core_headless_x86_min/Ghidra/Framework/Generic/lib/Generic.jar!/generic.log4j.xml (LoggingInitialization)  
INFO  Using log file: /home/vr2050/.config/ghidra/ghidra_12.1_DEV/application.log (LoggingInitialization)  
INFO  Loading user preferences: /home/vr2050/.config/ghidra/ghidra_12.1_DEV/preferences (Preferences)  
INFO  Loading previous preferences: /home/vr2050/.config/ghidra/ghidra_12.0.2_DEV/preferences (Preferences)  
INFO  Searching for classes... (ClassSearcher)  
INFO  Class search complete (377 ms) (ClassSearcher)  
INFO  Initializing SSL Context (DefaultSSLContextInitializer)  
INFO  Initializing Random Number Generator... (SecureRandomFactory)  
INFO  Random Number Generator initialization complete: NativePRNGNonBlocking (SecureRandomFactory)  
INFO  Trust manager disabled, cacerts have not been set (DefaultTrustManagerFactory)  
INFO  Headless startup complete (1373 ms) (AnalyzeHeadless)  
INFO  Class searcher loaded 9 extension points (4 false positives) (ClassSearcher)  
INFO  HEADLESS Script Paths:
    /home/vr2050/RUST/rscan_codex/third_party/ghidra_core_headless_x86_min/Ghidra/Features/GnuDemangler/ghidra_scripts
    /home/vr2050/RUST/rscan_codex/third_party/ghidra_core_headless_x86_min/Ghidra/Features/Decompiler/ghidra_scripts
    /home/vr2050/RUST/rscan_codex/projects/xpoc/reverse_out/job-189f10faa661ca60
    /home/vr2050/RUST/rscan_codex/third_party/ghidra_core_headless_x86_min/Ghidra/Features/Base/ghidra_scripts
    /home/vr2050/RUST/rscan_codex/third_party/ghidra_core_headless_x86_min/Ghidra/Features/BytePatterns/ghidra_scripts (HeadlessAnalyzer)  
INFO  HEADLESS: execution starts (HeadlessAnalyzer)  
INFO  Creating project: /home/vr2050/RUST/rscan_codex/projects/xpoc/reverse_out/ghidra_cache/rscan_7ca087072c502dedc93b8959aefab351b9366006d875cebdceef07bfad9697d8 (HeadlessAnalyzer)  
WARN  Tool supported content class not found: ghidra.feature.vt.api.main.VTSession (GhidraToolTemplate)  
INFO  Creating project: /home/vr2050/RUST/rscan_codex/projects/xpoc/reverse_out/ghidra_cache/rscan_7ca087072c502dedc93b8959aefab351b9366006d875cebdceef07bfad9697d8 (DefaultProject)  
INFO  REPORT: Processing input files:  (HeadlessAnalyzer)  
INFO       project: /home/vr2050/RUST/rscan_codex/projects/xpoc/reverse_out/ghidra_cache/rscan_7ca087072c502dedc93b8959aefab351b9366006d875cebdceef07bfad9697d8 (HeadlessAnalyzer)  
INFO  IMPORTING: file:///home/vr2050/xpoc (HeadlessAnalyzer)  
INFO  Using Loader: Executable and Linking Format (ELF) (ProgramLoader)  
INFO  Using Language/Compiler: x86:LE:64:default:golang (ProgramLoader)  
INFO  Using Library Search Path: [., /bin, /lib, /lib64, /lib/x86_64-linux-gnu, /lib/aarch64-linux-gnu, /usr/bin, /usr/lib, /usr/X11R6/bin, /usr/X11R6/lib, /usr/java/packages/lib, /usr/lib/x86_64-linux-gnu/jni, /usr/lib/x86_64-linux-gnu, /usr/lib/jni] (ProgramLoader)  
INFO  Additional info:
Loading file:///home/vr2050/xpoc?MD5=605ef8e995db06cab6712ee070e370e1...
Setting block .init_array to read-only
Setting block .fini_array to read-only
Setting block .data.rel.ro to read-only
Setting block .dynamic to read-only
------------------------------------------------

Linking the External Programs of 'xpoc' to imported libraries...
  [libresolv.so.2] -> not found in project
  [libpthread.so.0] -> not found in project
  [libc.so.6] -> not found in project
------------------------------------------------

Resolving External Symbols of [/xpoc] - 128 unresolved symbols, no external libraries configured - skipping
 (ProgramLoader)  
INFO  IMPORTING: Loaded 0 additional files (HeadlessAnalyzer)  
INFO  ANALYZING all memory and code: file:///home/vr2050/xpoc (HeadlessAnalyzer)  
INFO  DWARF external debug information found: ExternalDebugInfo [filename=null, crc=0, hash=ada9222be069c0be5d5711c193981d995862b938, objectType=DEBUGINFO, extra=null] (ExternalDebugFileSectionProvider)  
INFO  Unable to find DWARF information, skipping DWARF analysis (DWARFAnalyzer)  
INFO  Reading Go binary info: xpoc (GoRttiMapper)  
INFO  Using Go API snapshot for 1.21.6 (GoApiSnapshot)  
INFO  Using Go API snapshot for version 1.21.6 (GoRttiMapper)  
INFO  Discovered 1380 unindexed Go types (GoTypeManager)  
INFO  Found 39742 Go types (GoTypeManager)  
INFO  Go version 1.21.6 (GolangSymbolAnalyzer)  
WARN  Failed to get subtype '[46912496118442]runtime.elfSym' in *[46912496118442]runtime.elfSym (GoTypeManager)  
WARN  Failed to get subtype '[1125899906842623]byte' in *[1125899906842623]byte (GoTypeManager)  
WARN  Failed to get subtype '[562949953421311]uint16' in *[562949953421311]uint16 (GoTypeManager)  
INFO  Marked 64 Go funcs as NoReturn (GolangSymbolAnalyzer)  
INFO  Fixed 4685 Go function signatures from runtime snapshot signatures (GolangSymbolAnalyzer)  
INFO  Fixed 56861 Go function signatures from method info (GolangSymbolAnalyzer)  
INFO  Go symbol analyzer: scheduling RTTI propagation after reference analysis (GolangSymbolAnalyzer)  
INFO  Go symbol analyzer: scheduling closure function fixup (GolangSymbolAnalyzer)  
INFO  Go symbol analyzer: scheduling gcWriteBarrier flag fixup (GolangSymbolAnalyzer)  
ERROR Invalid GIF data at 02d8bcdd (GifDataType)  
ERROR Invalid PNG data at 02d99f80 (PngDataType)  
ERROR Invalid GIF data at 04ddd0ac (GifDataType)  
ERROR Invalid GIF data at 04ddd0b4 (GifDataType)  
ERROR Invalid PNG data at 04ddd3a0 (PngDataType)  
INFO  hit non-returning function, restarting decompiler switch analyzer later (DecompilerSwitchAnalyzer)  
