2026-04-23T14:50:09.578830Z  INFO rscan::cli::app: Starting rscan, log_level=info
2026-04-23T14:50:09.835742Z  INFO rscan::cli::app: Starting rscan, log_level=info
2026-04-23T14:50:09.981914Z  INFO rscan::cli::app: Starting rscan, log_level=info
2026-04-23T14:50:10.606442Z  INFO apk_info_axml::structs::res_string_pool: malformed string pool, skipped 256 bytes
2026-04-23T14:50:10.621761Z  WARN apk_info_axml::axml: not a xml resource chunk: ResChunkHeader { type_: TablePackage, header_size: 28, size: 2036 }
2026-04-23T14:50:10.621783Z  WARN apk_info_axml::axml: xml resource chunk header size is not 0x10: ResChunkHeader { type_: XmlEndNamespace, header_size: 28, size: 2100 }, skipped
2026-04-23T14:50:10.621795Z  WARN apk_info_axml::axml: skipped garbage attribute name: " >\n  </manifest>\n  android:name"
2026-04-23T14:50:10.621800Z  WARN apk_info_axml::axml: skipped garbage attribute name: " >\n  </uses-sdk>\n  android:name"
2026-04-23T14:50:10.621806Z  WARN apk_info_axml::axml: skipped garbage attribute name: " >\n  </supports-screens>\n  android:name"
2026-04-23T14:50:10.621809Z  WARN apk_info_axml::axml: skipped garbage attribute name: " >\n  </uses-feature>\n  android:name"
2026-04-23T14:50:10.621812Z  WARN apk_info_axml::axml: skipped garbage attribute name: " >\n  </uses-feature>\n  android:name"
2026-04-23T14:50:10.621814Z  WARN apk_info_axml::axml: skipped garbage attribute name: " >\n  </uses-feature>\n  android:name"
2026-04-23T14:50:10.621817Z  WARN apk_info_axml::axml: skipped garbage attribute name: " >\n  </uses-feature>\n  android:name"
2026-04-23T14:50:10.621819Z  WARN apk_info_axml::axml: skipped garbage attribute name: " >\n  </uses-feature>\n  android:name"
2026-04-23T14:50:10.621822Z  WARN apk_info_axml::axml: skipped garbage attribute name: " >\n  </uses-feature>\n  android:name"
2026-04-23T14:50:10.621824Z  WARN apk_info_axml::axml: skipped garbage attribute name: " >\n  </uses-feature>\n  android:name"
2026-04-23T14:50:10.621827Z  WARN apk_info_axml::axml: skipped garbage attribute name: " >\n  </uses-permission>\n  android:name"
2026-04-23T14:50:10.621829Z  WARN apk_info_axml::axml: skipped garbage attribute name: " >\n  </uses-permission>\n  android:name"
2026-04-23T14:50:10.621831Z  WARN apk_info_axml::axml: skipped garbage attribute name: " >\n  </uses-permission>\n  android:name"
2026-04-23T14:50:10.621834Z  WARN apk_info_axml::axml: skipped garbage attribute name: " >\n  </uses-permission>\n  android:name"
2026-04-23T14:50:10.621836Z  WARN apk_info_axml::axml: skipped garbage attribute name: " >\n  </uses-permission>\n  android:name"
2026-04-23T14:50:10.621838Z  WARN apk_info_axml::axml: skipped garbage attribute name: " >\n  </uses-permission>\n  android:name"
2026-04-23T14:50:10.621841Z  WARN apk_info_axml::axml: skipped garbage attribute name: " >\n  </uses-permission>\n  android:name"
2026-04-23T14:50:10.621843Z  WARN apk_info_axml::axml: skipped garbage attribute name: " >\n  </uses-permission>\n  android:name"
2026-04-23T14:50:10.621845Z  WARN apk_info_axml::axml: skipped garbage attribute name: " >\n  </uses-permission>\n  android:name"
2026-04-23T14:50:10.621848Z  WARN apk_info_axml::axml: skipped garbage attribute name: " >\n  </uses-permission>\n  android:name"
2026-04-23T14:50:10.621850Z  WARN apk_info_axml::axml: skipped garbage attribute name: " >\n  </uses-permission>\n  android:name"
2026-04-23T14:50:10.621852Z  WARN apk_info_axml::axml: skipped garbage attribute name: " >\n  </uses-permission>\n  android:name"
2026-04-23T14:50:10.621854Z  WARN apk_info_axml::axml: skipped garbage attribute name: " >\n  </uses-permission>\n  android:name"
2026-04-23T14:50:10.621857Z  WARN apk_info_axml::axml: skipped garbage attribute name: " >\n  </uses-permission>\n  android:name"
2026-04-23T14:50:10.621859Z  WARN apk_info_axml::axml: skipped garbage attribute name: " >\n  </uses-permission>\n  android:name"
2026-04-23T14:50:10.621861Z  WARN apk_info_axml::axml: skipped garbage attribute name: " >\n  </uses-permission>\n  android:name"
2026-04-23T14:50:10.621864Z  WARN apk_info_axml::axml: skipped garbage attribute name: " >\n  </uses-permission>\n  android:name"
2026-04-23T14:50:10.621872Z  WARN apk_info_axml::axml: skipped garbage attribute name: " >\n  </uses-permission>\n  android:name"
2026-04-23T14:50:10.621881Z  WARN apk_info_axml::axml: skipped garbage attribute name: " >\n  </uses-permission>\n  android:name"
2026-04-23T14:50:10.621884Z  WARN apk_info_axml::axml: skipped garbage attribute name: " >\n  </uses-permission>\n  android:name"
2026-04-23T14:50:10.621886Z  WARN apk_info_axml::axml: skipped garbage attribute name: " >\n  </uses-permission>\n  android:name"
2026-04-23T14:50:10.621888Z  WARN apk_info_axml::axml: skipped garbage attribute name: " >\n  </uses-permission>\n  android:name"
2026-04-23T14:50:10.621891Z  WARN apk_info_axml::axml: skipped garbage attribute name: " >\n  </uses-permission>\n  android:name"
2026-04-23T14:50:10.621893Z  WARN apk_info_axml::axml: skipped garbage attribute name: " >\n  </uses-permission>\n  android:name"
2026-04-23T14:50:10.621896Z  WARN apk_info_axml::axml: skipped garbage attribute name: " >\n  </uses-permission>\n  android:name"
2026-04-23T14:50:10.621898Z  WARN apk_info_axml::axml: skipped garbage attribute name: " >\n  </uses-permission>\n  android:name"
2026-04-23T14:50:10.621901Z  WARN apk_info_axml::axml: skipped garbage attribute name: " >\n  </uses-permission>\n  android:name"
2026-04-23T14:50:10.621903Z  WARN apk_info_axml::axml: skipped garbage attribute name: " >\n  </uses-permission>\n  android:name"
2026-04-23T14:50:10.621905Z  WARN apk_info_axml::axml: skipped garbage attribute name: " >\n  </uses-permission>\n  android:name"
2026-04-23T14:50:10.621908Z  WARN apk_info_axml::axml: skipped garbage attribute name: " >\n  </uses-permission>\n  android:name"
2026-04-23T14:50:10.621910Z  WARN apk_info_axml::axml: skipped garbage attribute name: " >\n  </uses-permission>\n  android:name"
2026-04-23T14:50:10.621912Z  WARN apk_info_axml::axml: skipped garbage attribute name: " >\n  </uses-permission>\n  android:name"
2026-04-23T14:50:10.621915Z  WARN apk_info_axml::axml: skipped garbage attribute name: " >\n  </uses-permission>\n  android:name"
2026-04-23T14:50:10.621917Z  WARN apk_info_axml::axml: skipped garbage attribute name: " >\n  </uses-permission>\n  android:name"
2026-04-23T14:50:10.621920Z  WARN apk_info_axml::axml: skipped garbage attribute name: " >\n  </uses-permission>\n  android:name"
2026-04-23T14:50:10.621922Z  WARN apk_info_axml::axml: skipped garbage attribute name: " >\n  </uses-permission>\n  android:name"
2026-04-23T14:50:10.621924Z  WARN apk_info_axml::axml: skipped garbage attribute name: " >\n  </uses-permission>\n  android:name"
2026-04-23T14:50:10.621926Z  WARN apk_info_axml::axml: skipped garbage attribute name: " >\n  </uses-permission>\n  android:name"
2026-04-23T14:50:10.621929Z  WARN apk_info_axml::axml: skipped garbage attribute name: " >\n  </uses-permission>\n  android:name"
2026-04-23T14:50:10.621931Z  WARN apk_info_axml::axml: skipped garbage attribute name: " >\n  </uses-permission>\n  android:name"
2026-04-23T14:50:10.621934Z  WARN apk_info_axml::axml: skipped garbage attribute name: " >\n  </uses-permission>\n  android:name"
2026-04-23T14:50:10.621936Z  WARN apk_info_axml::axml: skipped garbage attribute name: " >\n  </uses-permission>\n  android:name"
2026-04-23T14:50:10.621939Z  WARN apk_info_axml::axml: skipped garbage attribute name: " >\n  </uses-permission>\n  android:name"
2026-04-23T14:50:10.621941Z  WARN apk_info_axml::axml: skipped garbage attribute name: " >\n  </uses-permission>\n  android:name"
2026-04-23T14:50:10.621944Z  WARN apk_info_axml::axml: skipped garbage attribute name: " >\n  </uses-permission>\n  android:name"
2026-04-23T14:50:10.621946Z  WARN apk_info_axml::axml: skipped garbage attribute name: " >\n  </uses-permission>\n  android:name"
2026-04-23T14:50:10.621948Z  WARN apk_info_axml::axml: skipped garbage attribute name: " >\n  </uses-permission>\n  android:name"
2026-04-23T14:50:10.621951Z  WARN apk_info_axml::axml: skipped garbage attribute name: " >\n  </uses-permission>\n  android:name"
2026-04-23T14:50:10.621954Z  WARN apk_info_axml::axml: skipped garbage attribute name: " >\n  </uses-permission>\n  android:name"
2026-04-23T14:50:10.621957Z  WARN apk_info_axml::axml: skipped garbage attribute name: " >\n  </uses-permission>\n  android:name"
2026-04-23T14:50:10.621960Z  WARN apk_info_axml::axml: skipped garbage attribute name: " >\n  </uses-permission>\n  android:name"
2026-04-23T14:50:10.621962Z  WARN apk_info_axml::axml: skipped garbage attribute name: " >\n  </uses-permission>\n  android:name"
2026-04-23T14:50:10.621965Z  WARN apk_info_axml::axml: skipped garbage attribute name: " >\n  </uses-permission>\n  android:name"
2026-04-23T14:50:10.621967Z  WARN apk_info_axml::axml: skipped garbage attribute name: " >\n  </uses-permission>\n  android:name"
2026-04-23T14:50:10.621970Z  WARN apk_info_axml::axml: skipped garbage attribute name: " >\n  </uses-permission>\n  android:name"
2026-04-23T14:50:10.621973Z  WARN apk_info_axml::axml: skipped garbage attribute name: " >\n  </uses-permission>\n  android:name"
2026-04-23T14:50:10.621975Z  WARN apk_info_axml::axml: skipped garbage attribute name: " >\n  </uses-permission>\n  android:name"
2026-04-23T14:50:10.621978Z  WARN apk_info_axml::axml: skipped garbage attribute name: " >\n  </uses-permission>\n  android:name"
2026-04-23T14:50:10.621980Z  WARN apk_info_axml::axml: skipped garbage attribute name: " >\n  </uses-permission>\n  android:name"
2026-04-23T14:50:10.621984Z  WARN apk_info_axml::axml: skipped garbage attribute name: " >\n  </permission>\n  android:name"
2026-04-23T14:50:10.621986Z  WARN apk_info_axml::axml: skipped garbage attribute name: " >\n  </uses-permission>\n  android:name"
2026-04-23T14:50:10.621988Z  WARN apk_info_axml::axml: skipped garbage attribute name: " >\n  </uses-permission>\n  android:name"
2026-04-23T14:50:10.621991Z  WARN apk_info_axml::axml: skipped garbage attribute name: " >\n  </uses-permission>\n  android:name"
2026-04-23T14:50:10.621993Z  WARN apk_info_axml::axml: skipped garbage attribute name: " >\n  </uses-permission>\n  android:name"
2026-04-23T14:50:10.621995Z  WARN apk_info_axml::axml: skipped garbage attribute name: " >\n  </uses-permission>\n  android:name"
2026-04-23T14:50:10.621998Z  WARN apk_info_axml::axml: skipped garbage attribute name: " >\n  </uses-permission>\n  android:name"
2026-04-23T14:50:10.622000Z  WARN apk_info_axml::axml: skipped garbage attribute name: " >\n  </uses-permission>\n  android:name"
2026-04-23T14:50:10.622002Z  WARN apk_info_axml::axml: skipped garbage attribute name: " >\n  </uses-permission>\n  android:name"
2026-04-23T14:50:10.622005Z  WARN apk_info_axml::axml: skipped garbage attribute name: " >\n  </uses-permission>\n  android:name"
2026-04-23T14:50:10.622018Z  WARN apk_info_axml::axml: skipped garbage attribute name: " >\n  </application>\n  android:name"
2026-04-23T14:50:10.622022Z  WARN apk_info_axml::axml: skipped garbage attribute name: " >\n  </receiver>\n  android:name"
2026-04-23T14:50:10.622024Z  WARN apk_info_axml::axml: skipped garbage attribute name: " >\n  </intent-filter>\n  android:name"
2026-04-23T14:50:10.622027Z  WARN apk_info_axml::axml: skipped garbage attribute name: " >\n  </action>\n  android:name"
2026-04-23T14:50:10.622030Z  WARN apk_info_axml::axml: skipped garbage attribute name: " >\n  </activity>\n  android:name"
2026-04-23T14:50:10.622032Z  WARN apk_info_axml::axml: skipped garbage attribute name: " >\n  </intent-filter>\n  android:name"
2026-04-23T14:50:10.622034Z  WARN apk_info_axml::axml: skipped garbage attribute name: " >\n  </action>\n  android:name"
2026-04-23T14:50:10.622037Z  WARN apk_info_axml::axml: skipped garbage attribute name: " >\n  </data>\n  android:name"
2026-04-23T14:50:10.622040Z  WARN apk_info_axml::axml: skipped garbage attribute name: " >\n  </intent-filter>\n  android:name"
2026-04-23T14:50:10.622042Z  WARN apk_info_axml::axml: skipped garbage attribute name: " >\n  </action>\n  android:name"
2026-04-23T14:50:10.622045Z  WARN apk_info_axml::axml: skipped garbage attribute name: " >\n  </category>\n  android:name"
2026-04-23T14:50:10.622047Z  WARN apk_info_axml::axml: skipped garbage attribute name: " >\n  </activity>\n  android:name"
2026-04-23T14:50:10.622052Z  WARN apk_info_axml::axml: skipped garbage attribute name: " >\n  </service>\n  android:name"
2026-04-23T14:50:10.622055Z  WARN apk_info_axml::axml: skipped garbage attribute name: " >\n  </intent-filter>\n  android:name"
2026-04-23T14:50:10.622057Z  WARN apk_info_axml::axml: skipped garbage attribute name: " >\n  </action>\n  android:name"
2026-04-23T14:50:10.622060Z  WARN apk_info_axml::axml: skipped garbage attribute name: " >\n  </service>\n  android:name"
2026-04-23T14:50:10.622065Z  WARN apk_info_axml::axml: skipped garbage attribute name: " >\n  </activity>\n  android:name"
2026-04-23T14:50:10.622068Z  WARN apk_info_axml::axml: skipped garbage attribute name: " >\n  </activity>\n  android:name"
2026-04-23T14:50:10.622071Z  WARN apk_info_axml::axml: skipped garbage attribute name: " >\n  </activity>\n  android:name"
2026-04-23T14:50:10.622074Z  WARN apk_info_axml::axml: skipped garbage attribute name: " >\n  </activity>\n  android:name"
2026-04-23T14:50:10.622077Z  WARN apk_info_axml::axml: skipped garbage attribute name: " >\n  </intent-filter>\n  android:name"
2026-04-23T14:50:10.622079Z  WARN apk_info_axml::axml: skipped garbage attribute name: " >\n  </action>\n  android:name"
2026-04-23T14:50:10.622081Z  WARN apk_info_axml::axml: skipped garbage attribute name: " >\n  </category>\n  android:name"
2026-04-23T14:50:10.622084Z  WARN apk_info_axml::axml: skipped garbage attribute name: " >\n  </category>\n  android:name"
2026-04-23T14:50:10.622086Z  WARN apk_info_axml::axml: skipped garbage attribute name: " >\n  </intent-filter>\n  android:name"
2026-04-23T14:50:10.622088Z  WARN apk_info_axml::axml: skipped garbage attribute name: " >\n  </action>\n  android:name"
2026-04-23T14:50:10.622091Z  WARN apk_info_axml::axml: skipped garbage attribute name: " >\n  </category>\n  android:name"
2026-04-23T14:50:10.622094Z  WARN apk_info_axml::axml: skipped garbage attribute name: " >\n  </data>\n  android:name"
2026-04-23T14:50:10.622096Z  WARN apk_info_axml::axml: skipped garbage attribute name: " >\n  </intent-filter>\n  android:name"
2026-04-23T14:50:10.622098Z  WARN apk_info_axml::axml: skipped garbage attribute name: " >\n  </action>\n  android:name"
2026-04-23T14:50:10.622101Z  WARN apk_info_axml::axml: skipped garbage attribute name: " >\n  </category>\n  android:name"
2026-04-23T14:50:10.622103Z  WARN apk_info_axml::axml: skipped garbage attribute name: " >\n  </data>\n  android:name"
2026-04-23T14:50:10.622105Z  WARN apk_info_axml::axml: skipped garbage attribute name: " >\n  </intent-filter>\n  android:name"
2026-04-23T14:50:10.622108Z  WARN apk_info_axml::axml: skipped garbage attribute name: " >\n  </action>\n  android:name"
2026-04-23T14:50:10.622110Z  WARN apk_info_axml::axml: skipped garbage attribute name: " >\n  </category>\n  android:name"
2026-04-23T14:50:10.622113Z  WARN apk_info_axml::axml: skipped garbage attribute name: " >\n  </data>\n  android:name"
2026-04-23T14:50:10.622115Z  WARN apk_info_axml::axml: skipped garbage attribute name: " >\n  </intent-filter>\n  android:name"
2026-04-23T14:50:10.622117Z  WARN apk_info_axml::axml: skipped garbage attribute name: " >\n  </action>\n  android:name"
2026-04-23T14:50:10.622119Z  WARN apk_info_axml::axml: skipped garbage attribute name: " >\n  </category>\n  android:name"
2026-04-23T14:50:10.622122Z  WARN apk_info_axml::axml: skipped garbage attribute name: " >\n  </data>\n  android:name"
2026-04-23T14:50:10.622124Z  WARN apk_info_axml::axml: skipped garbage attribute name: " >\n  </intent-filter>\n  android:name"
2026-04-23T14:50:10.622126Z  WARN apk_info_axml::axml: skipped garbage attribute name: " >\n  </action>\n  android:name"
2026-04-23T14:50:10.622129Z  WARN apk_info_axml::axml: skipped garbage attribute name: " >\n  </category>\n  android:name"
2026-04-23T14:50:10.622131Z  WARN apk_info_axml::axml: skipped garbage attribute name: " >\n  </data>\n  android:name"
2026-04-23T14:50:10.622133Z  WARN apk_info_axml::axml: skipped garbage attribute name: " >\n  </intent-filter>\n  android:name"
2026-04-23T14:50:10.622137Z  WARN apk_info_axml::axml: skipped garbage attribute name: " >\n  </action>\n  android:name"
2026-04-23T14:50:10.622140Z  WARN apk_info_axml::axml: skipped garbage attribute name: " >\n  </category>\n  android:name"
2026-04-23T14:50:10.622143Z  WARN apk_info_axml::axml: skipped garbage attribute name: " >\n  </data>\n  android:name"
2026-04-23T14:50:10.622145Z  WARN apk_info_axml::axml: skipped garbage attribute name: " >\n  </intent-filter>\n  android:name"
2026-04-23T14:50:10.622147Z  WARN apk_info_axml::axml: skipped garbage attribute name: " >\n  </action>\n  android:name"
2026-04-23T14:50:10.622150Z  WARN apk_info_axml::axml: skipped garbage attribute name: " >\n  </category>\n  android:name"
2026-04-23T14:50:10.622152Z  WARN apk_info_axml::axml: skipped garbage attribute name: " >\n  </data>\n  android:name"
2026-04-23T14:50:10.622154Z  WARN apk_info_axml::axml: skipped garbage attribute name: " >\n  </intent-filter>\n  android:name"
2026-04-23T14:50:10.622157Z  WARN apk_info_axml::axml: skipped garbage attribute name: " >\n  </action>\n  android:name"
2026-04-23T14:50:10.622159Z  WARN apk_info_axml::axml: skipped garbage attribute name: " >\n  </category>\n  android:name"
2026-04-23T14:50:10.622161Z  WARN apk_info_axml::axml: skipped garbage attribute name: " >\n  </category>\n  android:name"
2026-04-23T14:50:10.622164Z  WARN apk_info_axml::axml: skipped garbage attribute name: " >\n  </data>\n  android:name"
2026-04-23T14:50:10.622167Z  WARN apk_info_axml::axml: skipped garbage attribute name: " >\n  </data>\n  android:name"
2026-04-23T14:50:10.622171Z  WARN apk_info_axml::axml: skipped garbage attribute name: " >\n  </intent-filter>\n  android:name"
2026-04-23T14:50:10.622174Z  WARN apk_info_axml::axml: skipped garbage attribute name: " >\n  </action>\n  android:name"
2026-04-23T14:50:10.622176Z  WARN apk_info_axml::axml: skipped garbage attribute name: " >\n  </category>\n  android:name"
2026-04-23T14:50:10.622179Z  WARN apk_info_axml::axml: skipped garbage attribute name: " >\n  </category>\n  android:name"
2026-04-23T14:50:10.622181Z  WARN apk_info_axml::axml: skipped garbage attribute name: " >\n  </data>\n  android:name"
2026-04-23T14:50:10.622183Z  WARN apk_info_axml::axml: skipped garbage attribute name: " >\n  </intent-filter>\n  android:name"
2026-04-23T14:50:10.622186Z  WARN apk_info_axml::axml: skipped garbage attribute name: " >\n  </action>\n  android:name"
2026-04-23T14:50:10.622188Z  WARN apk_info_axml::axml: skipped garbage attribute name: " >\n  </category>\n  android:name"
2026-04-23T14:50:10.622191Z  WARN apk_info_axml::axml: skipped garbage attribute name: " >\n  </category>\n  android:name"
2026-04-23T14:50:10.622193Z  WARN apk_info_axml::axml: skipped garbage attribute name: " >\n  </data>\n  android:name"
2026-04-23T14:50:10.622196Z  WARN apk_info_axml::axml: skipped garbage attribute name: " >\n  </meta-data>\n  android:name"
2026-04-23T14:50:10.622200Z  WARN apk_info_axml::axml: skipped garbage attribute name: " >\n  </activity>\n  android:name"
2026-04-23T14:50:10.622204Z  WARN apk_info_axml::axml: skipped garbage attribute name: " >\n  </activity>\n  android:name"
2026-04-23T14:50:10.622207Z  WARN apk_info_axml::axml: skipped garbage attribute name: " >\n  </intent-filter>\n  android:name"
2026-04-23T14:50:10.622210Z  WARN apk_info_axml::axml: skipped garbage attribute name: " >\n  </action>\n  android:name"
2026-04-23T14:50:10.622212Z  WARN apk_info_axml::axml: skipped garbage attribute name: " >\n  </category>\n  android:name"
2026-04-23T14:50:10.622215Z  WARN apk_info_axml::axml: skipped garbage attribute name: " >\n  </category>\n  android:name"
2026-04-23T14:50:10.622217Z  WARN apk_info_axml::axml: skipped garbage attribute name: " >\n  </data>\n  android:name"
2026-04-23T14:50:10.622220Z  WARN apk_info_axml::axml: skipped garbage attribute name: " >\n  </activity>\n  android:name"
2026-04-23T14:50:10.622223Z  WARN apk_info_axml::axml: skipped garbage attribute name: " >\n  </intent-filter>\n  android:name"
2026-04-23T14:50:10.622227Z  WARN apk_info_axml::axml: skipped garbage attribute name: " >\n  </action>\n  android:name"
2026-04-23T14:50:10.622230Z  WARN apk_info_axml::axml: skipped garbage attribute name: " >\n  </category>\n  android:name"
2026-04-23T14:50:10.622233Z  WARN apk_info_axml::axml: skipped garbage attribute name: " >\n  </activity>\n  android:name"
2026-04-23T14:50:10.622235Z  WARN apk_info_axml::axml: skipped garbage attribute name: " >\n  </activity>\n  android:name"
2026-04-23T14:50:10.622240Z  WARN apk_info_axml::axml: skipped garbage attribute name: " >\n  </activity>\n  android:name"
2026-04-23T14:50:10.622243Z  WARN apk_info_axml::axml: skipped garbage attribute name: " >\n  </intent-filter>\n  android:name"
2026-04-23T14:50:10.622245Z  WARN apk_info_axml::axml: skipped garbage attribute name: " >\n  </action>\n  android:name"
2026-04-23T14:50:10.622248Z  WARN apk_info_axml::axml: skipped garbage attribute name: " >\n  </category>\n  android:name"
2026-04-23T14:50:10.622250Z  WARN apk_info_axml::axml: skipped garbage attribute name: " >\n  </category>\n  android:name"
2026-04-23T14:50:10.622253Z  WARN apk_info_axml::axml: skipped garbage attribute name: " >\n  </data>\n  android:name"
2026-04-23T14:50:10.622256Z  WARN apk_info_axml::axml: skipped garbage attribute name: " >\n  </activity>\n  android:name"
2026-04-23T14:50:10.622258Z  WARN apk_info_axml::axml: skipped garbage attribute name: " >\n  </intent-filter>\n  android:name"
2026-04-23T14:50:10.622261Z  WARN apk_info_axml::axml: skipped garbage attribute name: " >\n  </action>\n  android:name"
2026-04-23T14:50:10.622266Z  WARN apk_info_axml::axml: skipped garbage attribute name: " >\n  </activity>\n  android:name"
2026-04-23T14:50:10.622270Z  WARN apk_info_axml::axml: skipped garbage attribute name: " >\n  </activity>\n  android:name"
2026-04-23T14:50:10.622274Z  WARN apk_info_axml::axml: skipped garbage attribute name: " >\n  </activity>\n  android:name"
2026-04-23T14:50:10.622277Z  WARN apk_info_axml::axml: skipped garbage attribute name: " >\n  </activity>\n  android:name"
2026-04-23T14:50:10.622280Z  WARN apk_info_axml::axml: skipped garbage attribute name: " >\n  </receiver>\n  android:name"
2026-04-23T14:50:10.622282Z  WARN apk_info_axml::axml: skipped garbage attribute name: " >\n  </intent-filter>\n  android:name"
2026-04-23T14:50:10.622284Z  WARN apk_info_axml::axml: skipped garbage attribute name: " >\n  </action>\n  android:name"
2026-04-23T14:50:10.622287Z  WARN apk_info_axml::axml: skipped garbage attribute name: " >\n  </receiver>\n  android:name"
2026-04-23T14:50:10.622289Z  WARN apk_info_axml::axml: skipped garbage attribute name: " >\n  </intent-filter>\n  android:name"
2026-04-23T14:50:10.622291Z  WARN apk_info_axml::axml: skipped garbage attribute name: " >\n  </action>\n  android:name"
2026-04-23T14:50:10.622294Z  WARN apk_info_axml::axml: skipped garbage attribute name: " >\n  </service>\n  android:name"
2026-04-23T14:50:10.622296Z  WARN apk_info_axml::axml: skipped garbage attribute name: " >\n  </intent-filter>\n  android:name"
2026-04-23T14:50:10.622298Z  WARN apk_info_axml::axml: skipped garbage attribute name: " >\n  </action>\n  android:name"
2026-04-23T14:50:10.622302Z  WARN apk_info_axml::axml: skipped garbage attribute name: " >\n  </meta-data>\n  android:name"
2026-04-23T14:50:10.622304Z  WARN apk_info_axml::axml: skipped garbage attribute name: " >\n  </service>\n  android:name"
2026-04-23T14:50:10.622307Z  WARN apk_info_axml::axml: skipped garbage attribute name: " >\n  </intent-filter>\n  android:name"
2026-04-23T14:50:10.622309Z  WARN apk_info_axml::axml: skipped garbage attribute name: " >\n  </action>\n  android:name"
2026-04-23T14:50:10.622312Z  WARN apk_info_axml::axml: skipped garbage attribute name: " >\n  </meta-data>\n  android:name"
2026-04-23T14:50:10.622315Z  WARN apk_info_axml::axml: skipped garbage attribute name: " >\n  </meta-data>\n  android:name"
2026-04-23T14:50:10.622318Z  WARN apk_info_axml::axml: skipped garbage attribute name: " >\n  </service>\n  android:name"
2026-04-23T14:50:10.622322Z  WARN apk_info_axml::axml: skipped garbage attribute name: " >\n  </intent-filter>\n  android:name"
2026-04-23T14:50:10.622325Z  WARN apk_info_axml::axml: skipped garbage attribute name: " >\n  </action>\n  android:name"
2026-04-23T14:50:10.622328Z  WARN apk_info_axml::axml: skipped garbage attribute name: " >\n  </service>\n  android:name"
2026-04-23T14:50:10.622330Z  WARN apk_info_axml::axml: skipped garbage attribute name: " >\n  </service>\n  android:name"
2026-04-23T14:50:10.622333Z  WARN apk_info_axml::axml: skipped garbage attribute name: " >\n  </service>\n  android:name"
2026-04-23T14:50:10.622336Z  WARN apk_info_axml::axml: skipped garbage attribute name: " >\n  </service>\n  android:name"
2026-04-23T14:50:10.622338Z  WARN apk_info_axml::axml: skipped garbage attribute name: " >\n  </service>\n  android:name"
2026-04-23T14:50:10.622341Z  WARN apk_info_axml::axml: skipped garbage attribute name: " >\n  </service>\n  android:name"
2026-04-23T14:50:10.622343Z  WARN apk_info_axml::axml: skipped garbage attribute name: " >\n  </service>\n  android:name"
2026-04-23T14:50:10.622346Z  WARN apk_info_axml::axml: skipped garbage attribute name: " >\n  </service>\n  android:name"
2026-04-23T14:50:10.622349Z  WARN apk_info_axml::axml: skipped garbage attribute name: " >\n  </service>\n  android:name"
2026-04-23T14:50:10.622351Z  WARN apk_info_axml::axml: skipped garbage attribute name: " >\n  </intent-filter>\n  android:name"
2026-04-23T14:50:10.622353Z  WARN apk_info_axml::axml: skipped garbage attribute name: " >\n  </action>\n  android:name"
2026-04-23T14:50:10.622356Z  WARN apk_info_axml::axml: skipped garbage attribute name: " >\n  </service>\n  android:name"
2026-04-23T14:50:10.622358Z  WARN apk_info_axml::axml: skipped garbage attribute name: " >\n  </intent-filter>\n  android:name"
2026-04-23T14:50:10.622361Z  WARN apk_info_axml::axml: skipped garbage attribute name: " >\n  </action>\n  android:name"
2026-04-23T14:50:10.622363Z  WARN apk_info_axml::axml: skipped garbage attribute name: " >\n  </action>\n  android:name"
2026-04-23T14:50:10.622365Z  WARN apk_info_axml::axml: skipped garbage attribute name: " >\n  </action>\n  android:name"
2026-04-23T14:50:10.622368Z  WARN apk_info_axml::axml: skipped garbage attribute name: " >\n  </action>\n  android:name"
2026-04-23T14:50:10.622370Z  WARN apk_info_axml::axml: skipped garbage attribute name: " >\n  </data>\n  android:name"
2026-04-23T14:50:10.622373Z  WARN apk_info_axml::axml: skipped garbage attribute name: " >\n  </service>\n  android:name"
2026-04-23T14:50:10.622375Z  WARN apk_info_axml::axml: skipped garbage attribute name: " >\n  </intent-filter>\n  android:name"
2026-04-23T14:50:10.622378Z  WARN apk_info_axml::axml: skipped garbage attribute name: " >\n  </action>\n  android:name"
2026-04-23T14:50:10.622381Z  WARN apk_info_axml::axml: skipped garbage attribute name: " >\n  </service>\n  android:name"
2026-04-23T14:50:10.622383Z  WARN apk_info_axml::axml: skipped garbage attribute name: " >\n  </receiver>\n  android:name"
2026-04-23T14:50:10.622386Z  WARN apk_info_axml::axml: skipped garbage attribute name: " >\n  </intent-filter>\n  android:name"
2026-04-23T14:50:10.622388Z  WARN apk_info_axml::axml: skipped garbage attribute name: " >\n  </action>\n  android:name"
2026-04-23T14:50:10.622393Z  WARN apk_info_axml::axml: skipped garbage attribute name: " >\n  </action>\n  android:name"
2026-04-23T14:50:10.622396Z  WARN apk_info_axml::axml: skipped garbage attribute name: " >\n  </action>\n  android:name"
2026-04-23T14:50:10.622398Z  WARN apk_info_axml::axml: skipped garbage attribute name: " >\n  </action>\n  android:name"
2026-04-23T14:50:10.622400Z  WARN apk_info_axml::axml: skipped garbage attribute name: " >\n  </action>\n  android:name"
2026-04-23T14:50:10.622402Z  WARN apk_info_axml::axml: skipped garbage attribute name: " >\n  </action>\n  android:name"
2026-04-23T14:50:10.622405Z  WARN apk_info_axml::axml: skipped garbage attribute name: " >\n  </action>\n  android:name"
2026-04-23T14:50:10.622407Z  WARN apk_info_axml::axml: skipped garbage attribute name: " >\n  </receiver>\n  android:name"
2026-04-23T14:50:10.622410Z  WARN apk_info_axml::axml: skipped garbage attribute name: " >\n  </intent-filter>\n  android:name"
2026-04-23T14:50:10.622413Z  WARN apk_info_axml::axml: skipped garbage attribute name: " >\n  </action>\n  android:name"
2026-04-23T14:50:10.622415Z  WARN apk_info_axml::axml: skipped garbage attribute name: " >\n  </receiver>\n  android:name"
2026-04-23T14:50:10.622418Z  WARN apk_info_axml::axml: skipped garbage attribute name: " >\n  </intent-filter>\n  android:name"
2026-04-23T14:50:10.622420Z  WARN apk_info_axml::axml: skipped garbage attribute name: " >\n  </action>\n  android:name"
2026-04-23T14:50:10.622422Z  WARN apk_info_axml::axml: skipped garbage attribute name: " >\n  </action>\n  android:name"
2026-04-23T14:50:10.622425Z  WARN apk_info_axml::axml: skipped garbage attribute name: " >\n  </receiver>\n  android:name"
2026-04-23T14:50:10.622427Z  WARN apk_info_axml::axml: skipped garbage attribute name: " >\n  </intent-filter>\n  android:name"
2026-04-23T14:50:10.622430Z  WARN apk_info_axml::axml: skipped garbage attribute name: " >\n  </action>\n  android:name"
2026-04-23T14:50:10.622432Z  WARN apk_info_axml::axml: skipped garbage attribute name: " >\n  </receiver>\n  android:name"
2026-04-23T14:50:10.622435Z  WARN apk_info_axml::axml: skipped garbage attribute name: " >\n  </receiver>\n  android:name"
2026-04-23T14:50:10.622437Z  WARN apk_info_axml::axml: skipped garbage attribute name: " >\n  </receiver>\n  android:name"
2026-04-23T14:50:10.622440Z  WARN apk_info_axml::axml: skipped garbage attribute name: " >\n  </receiver>\n  android:name"
2026-04-23T14:50:10.622442Z  WARN apk_info_axml::axml: skipped garbage attribute name: " >\n  </receiver>\n  android:name"
2026-04-23T14:50:10.622444Z  WARN apk_info_axml::axml: skipped garbage attribute name: " >\n  </receiver>\n  android:name"
2026-04-23T14:50:10.622447Z  WARN apk_info_axml::axml: skipped garbage attribute name: " >\n  </receiver>\n  android:name"
2026-04-23T14:50:10.622450Z  WARN apk_info_axml::axml: skipped garbage attribute name: " >\n  </receiver>\n  android:name"
2026-04-23T14:50:10.622453Z  WARN apk_info_axml::axml: skipped garbage attribute name: " >\n  </provider>\n  android:name"
2026-04-23T14:50:10.622456Z  WARN apk_info_axml::axml: skipped garbage attribute name: " >\n  </meta-data>\n  android:name"
2026-04-23T14:50:10.622458Z  WARN apk_info_axml::axml: skipped garbage attribute name: " >\n  </provider>\n  android:name"
2026-04-23T14:50:10.622461Z  WARN apk_info_axml::axml: skipped garbage attribute name: " >\n  </provider>\n  android:name"
2026-04-23T14:50:10.622464Z  WARN apk_info_axml::axml: skipped garbage attribute name: " >\n  </uses-library>\n  android:name"
2026-04-23T14:50:10.622466Z  WARN apk_info_axml::axml: skipped garbage attribute name: " >\n  </uses-library>\n  android:name"
2026-04-23T14:50:10.622469Z  WARN apk_info_axml::axml: skipped garbage attribute name: " >\n  </meta-data>\n  android:name"
2026-04-23T14:50:10.622471Z  WARN apk_info_axml::axml: skipped garbage attribute name: " >\n  </meta-data>\n  android:name"
2026-04-23T14:50:10.622474Z  WARN apk_info_axml::axml: skipped garbage attribute name: " >\n  </meta-data>\n  android:name"
2026-04-23T14:50:10.622476Z  WARN apk_info_axml::axml: skipped garbage attribute name: " >\n  </meta-data>\n  android:name"
2026-04-23T14:50:10.622479Z  WARN apk_info_axml::axml: skipped garbage attribute name: " >\n  </meta-data>\n  android:name"
2026-04-23T14:50:10.622482Z  WARN apk_info_axml::axml: skipped garbage attribute name: " >\n  </meta-data>\n  android:name"
2026-04-23T14:50:10.622485Z  WARN apk_info_axml::axml: skipped garbage attribute name: " >\n  </meta-data>\n  android:name"
2026-04-23T14:50:10.622487Z  WARN apk_info_axml::axml: skipped garbage attribute name: " >\n  </meta-data>\n  android:name"
2026-04-23T14:50:10.622491Z  WARN apk_info_axml::axml: skipped garbage attribute name: " >\n  </meta-data>\n  android:name"
2026-04-23T14:50:10.622494Z  WARN apk_info_axml::axml: skipped garbage attribute name: " >\n  </service>\n  android:name"
2026-04-23T14:50:10.622498Z  WARN apk_info_axml::axml: skipped garbage attribute name: " >\n  </service>\n  android:name"
2026-04-23T14:50:10.622501Z  WARN apk_info_axml::axml: skipped garbage attribute name: " >\n  </meta-data>\n  android:name"
2026-04-23T14:50:10.622506Z  WARN apk_info_axml::axml: skipped garbage attribute name: " >\n  </activity>\n  android:name"
2026-04-23T14:50:10.622509Z  WARN apk_info_axml::axml: skipped garbage attribute name: " >\n  </service>\n  android:name"
2026-04-23T14:50:10.622512Z  WARN apk_info_axml::axml: skipped garbage attribute name: " >\n  </service>\n  android:name"
2026-04-23T14:50:10.622515Z  WARN apk_info_axml::axml: skipped garbage attribute name: " >\n  </service>\n  android:name"
2026-04-23T14:50:10.622517Z  WARN apk_info_axml::axml: skipped garbage attribute name: " >\n  </receiver>\n  android:name"
2026-04-23T14:50:10.622519Z  WARN apk_info_axml::axml: skipped garbage attribute name: " >\n  </intent-filter>\n  android:name"
2026-04-23T14:50:10.622522Z  WARN apk_info_axml::axml: skipped garbage attribute name: " >\n  </action>\n  android:name"
2026-04-23T14:50:10.622524Z  WARN apk_info_axml::axml: skipped garbage attribute name: " >\n  </action>\n  android:name"
2026-04-23T14:50:10.622526Z  WARN apk_info_axml::axml: skipped garbage attribute name: " >\n  </action>\n  android:name"
2026-04-23T14:50:10.622528Z  WARN apk_info_axml::axml: skipped garbage attribute name: " >\n  </action>\n  android:name"
2026-04-23T14:50:10.622531Z  WARN apk_info_axml::axml: skipped garbage attribute name: " >\n  </action>\n  android:name"
2026-04-23T14:50:10.622533Z  WARN apk_info_axml::axml: skipped garbage attribute name: " >\n  </action>\n  android:name"
2026-04-23T14:50:10.622535Z  WARN apk_info_axml::axml: skipped garbage attribute name: " >\n  </category>\n  android:name"
2026-04-23T14:50:10.622538Z  WARN apk_info_axml::axml: skipped garbage attribute name: " >\n  </intent-filter>\n  android:name"
2026-04-23T14:50:10.622540Z  WARN apk_info_axml::axml: skipped garbage attribute name: " >\n  </action>\n  android:name"
2026-04-23T14:50:10.622542Z  WARN apk_info_axml::axml: skipped garbage attribute name: " >\n  </action>\n  android:name"
2026-04-23T14:50:10.622544Z  WARN apk_info_axml::axml: skipped garbage attribute name: " >\n  </data>\n  android:name"
2026-04-23T14:50:10.622547Z  WARN apk_info_axml::axml: skipped garbage attribute name: " >\n  </receiver>\n  android:name"
2026-04-23T14:50:10.622550Z  WARN apk_info_axml::axml: skipped garbage attribute name: " >\n  </intent-filter>\n  android:name"
2026-04-23T14:50:10.622552Z  WARN apk_info_axml::axml: skipped garbage attribute name: " >\n  </action>\n  android:name"
2026-04-23T14:50:10.622554Z  WARN apk_info_axml::axml: skipped garbage attribute name: " >\n  </action>\n  android:name"
2026-04-23T14:50:10.622557Z  WARN apk_info_axml::axml: skipped garbage attribute name: " >\n  </action>\n  android:name"
2026-04-23T14:50:10.622559Z  WARN apk_info_axml::axml: skipped garbage attribute name: " >\n  </category>\n  android:name"
2026-04-23T14:50:10.622562Z  WARN apk_info_axml::axml: skipped garbage attribute name: " >\n  </meta-data>\n  android:name"
2026-04-23T14:50:10.622564Z  WARN apk_info_axml::axml: skipped garbage attribute name: " >\n  </meta-data>\n  android:name"
2026-04-23T14:50:10.622567Z  WARN apk_info_axml::axml: skipped garbage attribute name: " >\n  </activity>\n  android:name"
2026-04-23T14:50:10.622570Z  WARN apk_info_axml::axml: skipped garbage attribute name: " >\n  </service>\n  android:name"
2026-04-23T14:50:10.622574Z  WARN apk_info_axml::axml: skipped garbage attribute name: " >\n  </activity>\n  android:name"
2026-04-23T14:50:10.622578Z  WARN apk_info_axml::axml: skipped garbage attribute name: " >\n  </provider>\n  android:name"
2026-04-23T14:50:10.622580Z  WARN apk_info_axml::axml: skipped garbage attribute name: " >\n  </meta-data>\n  android:name"
2026-04-23T14:50:10.622583Z  WARN apk_info_axml::axml: skipped garbage attribute name: " >\n  </service>\n  android:name"
2026-04-23T14:50:10.622586Z  WARN apk_info_axml::axml: skipped garbage attribute name: " >\n  </intent-filter>\n  android:name"
2026-04-23T14:50:10.622589Z  WARN apk_info_axml::axml: skipped garbage attribute name: " >\n  </action>\n  android:name"
2026-04-23T14:50:10.622592Z  WARN apk_info_axml::axml: skipped garbage attribute name: " >\n  </service>\n  android:name"
2026-04-23T14:50:10.622594Z  WARN apk_info_axml::axml: skipped garbage attribute name: " >\n  </intent-filter>\n  android:name"
2026-04-23T14:50:10.622596Z  WARN apk_info_axml::axml: skipped garbage attribute name: " >\n  </action>\n  android:name"
2026-04-23T14:50:10.622600Z  WARN apk_info_axml::axml: skipped garbage attribute name: " >\n  </service>\n  android:name"
2026-04-23T14:50:10.622602Z  WARN apk_info_axml::axml: skipped garbage attribute name: " >\n  </meta-data>\n  android:name"
2026-04-23T14:50:10.622605Z  WARN apk_info_axml::axml: skipped garbage attribute name: " >\n  </meta-data>\n  android:name"
2026-04-23T14:50:10.622607Z  WARN apk_info_axml::axml: skipped garbage attribute name: " >\n  </meta-data>\n  android:name"
2026-04-23T14:50:10.622609Z  WARN apk_info_axml::axml: skipped garbage attribute name: " >\n  </meta-data>\n  android:name"
2026-04-23T14:50:10.622612Z  WARN apk_info_axml::axml: skipped garbage attribute name: " >\n  </meta-data>\n  android:name"
2026-04-23T14:50:10.622614Z  WARN apk_info_axml::axml: skipped garbage attribute name: " >\n  </service>\n  android:name"
2026-04-23T14:50:10.622618Z  WARN apk_info_axml::axml: skipped garbage attribute name: " >\n  </activity>\n  android:name"
2026-04-23T14:50:10.622621Z  WARN apk_info_axml::axml: skipped garbage attribute name: " >\n  </activity>\n  android:name"
2026-04-23T14:50:10.622624Z  WARN apk_info_axml::axml: skipped garbage attribute name: " >\n  </receiver>\n  android:name"
2026-04-23T14:50:10.622626Z  WARN apk_info_axml::axml: skipped garbage attribute name: " >\n  </intent-filter>\n  android:name"
2026-04-23T14:50:10.622628Z  WARN apk_info_axml::axml: skipped garbage attribute name: " >\n  </action>\n  android:name"
2026-04-23T14:50:10.622631Z  WARN apk_info_axml::axml: skipped garbage attribute name: " >\n  </activity>\n  android:name"
2026-04-23T14:50:10.622634Z  WARN apk_info_axml::axml: skipped garbage attribute name: " >\n  </service>\n  android:name"
2026-04-23T14:50:10.622637Z  WARN apk_info_axml::axml: skipped garbage attribute name: " >\n  </provider>\n  android:name"
2026-04-23T14:50:10.622640Z  WARN apk_info_axml::axml: skipped garbage attribute name: " >\n  </activity>\n  android:name"
2026-04-23T14:50:10.622643Z  WARN apk_info_axml::axml: skipped garbage attribute name: " >\n  </meta-data>\n  android:name"
2026-04-23T14:50:10.622646Z  WARN apk_info_axml::axml: skipped garbage attribute name: " >\n  </provider>\n  android:name"
2026-04-23T14:50:10.622648Z  WARN apk_info_axml::axml: skipped garbage attribute name: " >\n  </meta-data>\n  android:name"
2026-04-23T14:50:10.622652Z  WARN apk_info_axml::axml: skipped garbage attribute name: " >\n  </activity>\n  android:name"
2026-04-23T14:50:10.622655Z  WARN apk_info_axml::axml: skipped garbage attribute name: " >\n  </service>\n  android:name"
2026-04-23T14:50:10.622657Z  WARN apk_info_axml::axml: skipped garbage attribute name: " >\n  </meta-data>\n  android:name"
2026-04-23T14:50:10.622660Z  WARN apk_info_axml::axml: skipped garbage attribute name: " >\n  </service>\n  android:name"
2026-04-23T14:50:10.622662Z  WARN apk_info_axml::axml: skipped garbage attribute name: " >\n  </receiver>\n  android:name"
2026-04-23T14:50:10.803625Z  INFO rscan::cli::app: Starting rscan, log_level=info
